<?xml version="1.0" encoding="UTF-8"?>
<!-- Generated by org.testng.reporters.JUnitXMLReporter -->
<testsuite ignored="0" hostname="DESKTOP-9NBI2B1" failures="0" tests="5" name="ChromeTest" time="48.581" errors="0" timestamp="2022-03-04T19:21:05 IST">
  <testcase classname="testClasses.VerifyAllTabsComesUnderBankManager" name="@BeforeTest lauchBrowser" time="47.989">
    <failure type="org.openqa.selenium.SessionNotCreatedException" message="session not created: This version of ChromeDriver only supports Chrome version 97
Current browser version is 99.0.4844.51 with binary path C:\Program Files\Google\Chrome\Application\chrome.exe
Build info: version: &amp;apos;3.141.59&amp;apos;, revision: &amp;apos;e82be7d358&amp;apos;, time: &amp;apos;2018-11-14T08:17:03&amp;apos;
System info: host: &amp;apos;DESKTOP-9NBI2B1&amp;apos;, ip: &amp;apos;192.168.0.144&amp;apos;, os.name: &amp;apos;Windows 10&amp;apos;, os.arch: &amp;apos;amd64&amp;apos;, os.version: &amp;apos;10.0&amp;apos;, java.version: &amp;apos;17.0.1&amp;apos;
Driver info: driver.version: ChromeDriver
remote stacktrace: Backtrace:
	Ordinal0 [0x00CCFDC3+2555331]
	Ordinal0 [0x00C677F1+2127857]
	Ordinal0 [0x00B62E08+1060360]
	Ordinal0 [0x00B819CA+1186250]
	Ordinal0 [0x00B7D825+1169445]
	Ordinal0 [0x00B7AFC1+1159105]
	Ordinal0 [0x00BAC22F+1360431]
	Ordinal0 [0x00BABE9A+1359514]
	Ordinal0 [0x00BA7976+1341814]
	Ordinal0 [0x00B836B6+1193654]
	Ordinal0 [0x00B84546+1197382]
	GetHandleVerifier [0x00E69622+1619522]
	GetHandleVerifier [0x00F1882C+2336844]
	GetHandleVerifier [0x00D623E1+541697]
	GetHandleVerifier [0x00D61443+537699]
	Ordinal0 [0x00C6D18E+2150798]
	Ordinal0 [0x00C71518+2168088]
	Ordinal0 [0x00C71660+2168416]
	Ordinal0 [0x00C7B330+2208560]
	BaseThreadInitThunk [0x776BFA29+25]
	RtlGetAppContainerNamedObjectPath [0x77867A9E+286]
	RtlGetAppContainerNamedObjectPath [0x77867A6E+238]
">
      <![CDATA[org.openqa.selenium.SessionNotCreatedException: session not created: This version of ChromeDriver only supports Chrome version 97
Current browser version is 99.0.4844.51 with binary path C:\Program Files\Google\Chrome\Application\chrome.exe
Build info: version: '3.141.59', revision: 'e82be7d358', time: '2018-11-14T08:17:03'
System info: host: 'DESKTOP-9NBI2B1', ip: '192.168.0.144', os.name: 'Windows 10', os.arch: 'amd64', os.version: '10.0', java.version: '17.0.1'
Driver info: driver.version: ChromeDriver
remote stacktrace: Backtrace:
Ordinal0 [0x00CCFDC3+2555331]
Ordinal0 [0x00C677F1+2127857]
Ordinal0 [0x00B62E08+1060360]
Ordinal0 [0x00B819CA+1186250]
Ordinal0 [0x00B7D825+1169445]
Ordinal0 [0x00B7AFC1+1159105]
Ordinal0 [0x00BAC22F+1360431]
Ordinal0 [0x00BABE9A+1359514]
Ordinal0 [0x00BA7976+1341814]
Ordinal0 [0x00B836B6+1193654]
Ordinal0 [0x00B84546+1197382]
GetHandleVerifier [0x00E69622+1619522]
GetHandleVerifier [0x00F1882C+2336844]
GetHandleVerifier [0x00D623E1+541697]
GetHandleVerifier [0x00D61443+537699]
Ordinal0 [0x00C6D18E+2150798]
Ordinal0 [0x00C71518+2168088]
Ordinal0 [0x00C71660+2168416]
Ordinal0 [0x00C7B330+2208560]
BaseThreadInitThunk [0x776BFA29+25]
RtlGetAppContainerNamedObjectPath [0x77867A9E+286]
RtlGetAppContainerNamedObjectPath [0x77867A6E+238]

at org.openqa.selenium.remote.W3CHandshakeResponse.lambda$errorHandler$0(W3CHandshakeResponse.java:62)
at org.openqa.selenium.remote.HandshakeResponse.lambda$getResponseFunction$0(HandshakeResponse.java:30)
at org.openqa.selenium.remote.ProtocolHandshake.lambda$createSession$0(ProtocolHandshake.java:126)
at java.base/java.util.stream.ReferencePipeline$3$1.accept(ReferencePipeline.java:197)
at java.base/java.util.Spliterators$ArraySpliterator.tryAdvance(Spliterators.java:1002)
at java.base/java.util.stream.ReferencePipeline.forEachWithCancel(ReferencePipeline.java:129)
at java.base/java.util.stream.AbstractPipeline.copyIntoWithCancel(AbstractPipeline.java:527)
at java.base/java.util.stream.AbstractPipeline.copyInto(AbstractPipeline.java:513)
at java.base/java.util.stream.AbstractPipeline.wrapAndCopyInto(AbstractPipeline.java:499)
at java.base/java.util.stream.FindOps$FindOp.evaluateSequential(FindOps.java:150)
at java.base/java.util.stream.AbstractPipeline.evaluate(AbstractPipeline.java:234)
at java.base/java.util.stream.ReferencePipeline.findFirst(ReferencePipeline.java:647)
at org.openqa.selenium.remote.ProtocolHandshake.createSession(ProtocolHandshake.java:128)
at org.openqa.selenium.remote.ProtocolHandshake.createSession(ProtocolHandshake.java:74)
at org.openqa.selenium.remote.HttpCommandExecutor.execute(HttpCommandExecutor.java:136)
at org.openqa.selenium.remote.service.DriverCommandExecutor.execute(DriverCommandExecutor.java:83)
at org.openqa.selenium.remote.RemoteWebDriver.execute(RemoteWebDriver.java:552)
at org.openqa.selenium.remote.RemoteWebDriver.startSession(RemoteWebDriver.java:213)
at org.openqa.selenium.remote.RemoteWebDriver.<init>(RemoteWebDriver.java:131)
at org.openqa.selenium.chrome.ChromeDriver.<init>(ChromeDriver.java:181)
at org.openqa.selenium.chrome.ChromeDriver.<init>(ChromeDriver.java:168)
at org.openqa.selenium.chrome.ChromeDriver.<init>(ChromeDriver.java:123)
at base.Browser.launchTheChromeBrowser(Browser.java:12)
at testClasses.VerifyAllTabsComesUnderBankManager.lauchBrowser(VerifyAllTabsComesUnderBankManager.java:40)
... Removed 29 stack frames]]>
    </failure>
  </testcase> <!-- @BeforeTest lauchBrowser -->
  <testcase classname="testClasses.VerifyLoginTabs" name="@BeforeTest lauchBrowser" time="-1.646401864382E9">
    <skipped/>
  </testcase> <!-- @BeforeTest lauchBrowser -->
  <testcase classname="testClasses.VerifyLoginTabs" name="@BeforeClass CreateObjectsOfPOMClasses" time="-1.646401864584E9">
    <skipped/>
  </testcase> <!-- @BeforeClass CreateObjectsOfPOMClasses -->
  <testcase classname="testClasses.VerifyAllTabsComesUnderBankManager" name="@BeforeClass createObjectsOfPOMClasses" time="-1.64640186459E9">
    <skipped/>
  </testcase> <!-- @BeforeClass createObjectsOfPOMClasses -->
  <testcase classname="testClasses.VerifyAllTabsComesUnderBankManager" name="@BeforeMethod lauchTheApplication" time="-1.646401864613E9">
    <skipped/>
  </testcase> <!-- @BeforeMethod lauchTheApplication -->
  <testcase classname="testClasses.VerifyAllTabsComesUnderBankManager" name="@AfterMethod gotoHomePage" time="-1.646401864644E9">
    <skipped/>
  </testcase> <!-- @AfterMethod gotoHomePage -->
  <testcase classname="testClasses.VerifyAllTabsComesUnderBankManager" name="@BeforeMethod lauchTheApplication" time="-1.646401864648E9">
    <skipped/>
  </testcase> <!-- @BeforeMethod lauchTheApplication -->
  <testcase classname="testClasses.VerifyAllTabsComesUnderBankManager" name="@AfterMethod gotoHomePage" time="-1.646401864667E9">
    <skipped/>
  </testcase> <!-- @AfterMethod gotoHomePage -->
  <testcase classname="testClasses.VerifyAllTabsComesUnderBankManager" name="@BeforeMethod lauchTheApplication" time="-1.646401864689E9">
    <skipped/>
  </testcase> <!-- @BeforeMethod lauchTheApplication -->
  <testcase classname="testClasses.VerifyLoginTabs" name="@BeforeMethod lauchTheApplication" time="-1.646401864731E9">
    <skipped/>
  </testcase> <!-- @BeforeMethod lauchTheApplication -->
  <testcase classname="testClasses.VerifyLoginTabs" name="@AfterMethod gotoHomePage" time="-1.646401864759E9">
    <skipped/>
  </testcase> <!-- @AfterMethod gotoHomePage -->
  <testcase classname="testClasses.VerifyLoginTabs" name="@BeforeMethod lauchTheApplication" time="-1.646401864763E9">
    <skipped/>
  </testcase> <!-- @BeforeMethod lauchTheApplication -->
  <testcase classname="testClasses.VerifyLoginTabs" name="@AfterMethod gotoHomePage" time="-1.646401864818E9">
    <skipped/>
  </testcase> <!-- @AfterMethod gotoHomePage -->
  <testcase classname="testClasses.VerifyLoginTabs" name="@AfterClass clearPOMObjects" time="-1.646401864851E9">
    <skipped/>
  </testcase> <!-- @AfterClass clearPOMObjects -->
  <testcase classname="testClasses.VerifyAllTabsComesUnderBankManager" name="@AfterMethod gotoHomePage" time="-1.646401864895E9">
    <skipped/>
  </testcase> <!-- @AfterMethod gotoHomePage -->
  <testcase classname="testClasses.VerifyAllTabsComesUnderBankManager" name="@AfterClass clearPOmObjects" time="-1.646401864913E9">
    <skipped/>
  </testcase> <!-- @AfterClass clearPOmObjects -->
  <testcase classname="testClasses.VerifyAllTabsComesUnderBankManager" name="@AfterTest closeBrowser" time="-1.646401864917E9">
    <skipped/>
  </testcase> <!-- @AfterTest closeBrowser -->
  <testcase classname="testClasses.VerifyLoginTabs" name="@AfterTest closeBrowser" time="-1.646401864922E9">
    <skipped/>
  </testcase> <!-- @AfterTest closeBrowser -->
  <testcase classname="testClasses.VerifyAllTabsComesUnderBankManager" name="verifyAddCustomerTab" time="0.0">
    <skipped/>
  </testcase> <!-- verifyAddCustomerTab -->
  <testcase classname="testClasses.VerifyAllTabsComesUnderBankManager" name="verifyOpenAccountTab" time="0.0">
    <skipped/>
  </testcase> <!-- verifyOpenAccountTab -->
  <testcase classname="testClasses.VerifyAllTabsComesUnderBankManager" name="verifyCustomersTab" time="0.001">
    <skipped/>
  </testcase> <!-- verifyCustomersTab -->
  <testcase classname="testClasses.VerifyLoginTabs" name="verifyBankManagerLoginButton" time="0.0">
    <skipped/>
  </testcase> <!-- verifyBankManagerLoginButton -->
  <testcase classname="testClasses.VerifyLoginTabs" name="verifyCustomerLoginButton" time="0.0">
    <skipped/>
  </testcase> <!-- verifyCustomerLoginButton -->
</testsuite> <!-- ChromeTest -->
