<!DOCTYPE html PUBLIC "-//W3C//DTD XHTML 1.1//EN" "https://www.w3.org/TR/xhtml11/DTD/xhtml11.dtd">
<html xmlns="https://www.w3.org/1999/xhtml">
<head>
<meta http-equiv="content-type" content="text/html; charset=UTF-8"/>
<title>TestNG Report</title>
<style type="text/css">table {margin-bottom:10px;border-collapse:collapse;empty-cells:show}th,td {border:1px solid #009;padding:.25em .5em}th {vertical-align:bottom}td {vertical-align:top}table a {font-weight:bold}.stripe td {background-color: #E6EBF9}.num {text-align:right}.passedodd td {background-color: #3F3}.passedeven td {background-color: #0A0}.skippedodd td {background-color: #DDD}.skippedeven td {background-color: #CCC}.failedodd td,.attn {background-color: #F33}.failedeven td,.stripe .attn {background-color: #D00}.stacktrace {white-space:pre;font-family:monospace}.totop {font-size:85%;text-align:center;border-bottom:2px solid #000}.invisible {display:none}</style>
</head>
<body>
<table>
<tr><th>Test</th><th># Passed</th><th># Skipped</th><th># Retried</th><th># Failed</th><th>Time (ms)</th><th>Included Groups</th><th>Excluded Groups</th></tr>
<tr><th colspan="8">Suite</th></tr>
<tr><td><a href="#t0">ChromeTest</a></td><td class="num">0</td><td class="num attn">5</td><td class="num">0</td><td class="num">0</td><td class="num">48,581</td><td></td><td></td></tr>
<tr class="stripe"><td><a href="#t1">OperaTest</a></td><td class="num">4</td><td class="num">0</td><td class="num">0</td><td class="num attn">1</td><td class="num">105,789</td><td></td><td></td></tr>
<tr><th>Total</th><th class="num">4</th><th class="num attn">5</th><th class="num">0</th><th class="num attn">1</th><th class="num">154,370</th><th colspan="2"></th></tr>
</table>
<table id='summary'><thead><tr><th>Class</th><th>Method</th><th>Start</th><th>Time (ms)</th></tr></thead><tbody><tr><th colspan="4">Suite</th></tr></tbody><tbody id="t0"><tr><th colspan="4">ChromeTest &#8212; failed (configuration methods)</th></tr><tr class="failedeven"><td rowspan="1">testClasses.VerifyAllTabsComesUnderBankManager</td><td><a href="#m0">lauchBrowser</a></td><td rowspan="1">1646401816353</td><td rowspan="1">47989</td></tr><tr><th colspan="4">ChromeTest &#8212; skipped (configuration methods)</th></tr><tr class="skippedeven"><td rowspan="9">testClasses.VerifyAllTabsComesUnderBankManager</td><td><a href="#m1">clearPOmObjects</a></td><td rowspan="1">1646401864913</td><td rowspan="1">-1646401864913</td></tr><tr class="skippedeven"><td><a href="#m2">closeBrowser</a></td><td rowspan="1">1646401864917</td><td rowspan="1">-1646401864917</td></tr><tr class="skippedeven"><td><a href="#m3">createObjectsOfPOMClasses</a></td><td rowspan="1">1646401864590</td><td rowspan="1">-1646401864590</td></tr><tr class="skippedeven"><td><a href="#m4">gotoHomePage</a></td><td rowspan="3">1646401864667</td><td rowspan="3">-1646401864667</td></tr><tr class="skippedeven"><td><a href="#m5">gotoHomePage</a></td></tr><tr class="skippedeven"><td><a href="#m6">gotoHomePage</a></td></tr><tr class="skippedeven"><td><a href="#m7">lauchTheApplication</a></td><td rowspan="3">1646401864648</td><td rowspan="3">-1646401864648</td></tr><tr class="skippedeven"><td><a href="#m8">lauchTheApplication</a></td></tr><tr class="skippedeven"><td><a href="#m9">lauchTheApplication</a></td></tr><tr class="skippedodd"><td rowspan="8">testClasses.VerifyLoginTabs</td><td><a href="#m10">CreateObjectsOfPOMClasses</a></td><td rowspan="1">1646401864584</td><td rowspan="1">-1646401864584</td></tr><tr class="skippedodd"><td><a href="#m11">clearPOMObjects</a></td><td rowspan="1">1646401864851</td><td rowspan="1">-1646401864851</td></tr><tr class="skippedodd"><td><a href="#m12">closeBrowser</a></td><td rowspan="1">1646401864922</td><td rowspan="1">-1646401864922</td></tr><tr class="skippedodd"><td><a href="#m13">gotoHomePage</a></td><td rowspan="2">1646401864818</td><td rowspan="2">-1646401864818</td></tr><tr class="skippedodd"><td><a href="#m14">gotoHomePage</a></td></tr><tr class="skippedodd"><td><a href="#m15">lauchBrowser</a></td><td rowspan="1">1646401864382</td><td rowspan="1">-1646401864382</td></tr><tr class="skippedodd"><td><a href="#m16">lauchTheApplication</a></td><td rowspan="2">1646401864763</td><td rowspan="2">-1646401864763</td></tr><tr class="skippedodd"><td><a href="#m17">lauchTheApplication</a></td></tr><tr><th colspan="4">ChromeTest &#8212; skipped</th></tr><tr class="skippedeven"><td rowspan="3">testClasses.VerifyAllTabsComesUnderBankManager</td><td><a href="#m18">verifyAddCustomerTab</a></td><td rowspan="1">1646401864621</td><td rowspan="1">0</td></tr><tr class="skippedeven"><td><a href="#m19">verifyCustomersTab</a></td><td rowspan="1">1646401864707</td><td rowspan="1">1</td></tr><tr class="skippedeven"><td><a href="#m20">verifyOpenAccountTab</a></td><td rowspan="1">1646401864651</td><td rowspan="1">0</td></tr><tr class="skippedodd"><td rowspan="2">testClasses.VerifyLoginTabs</td><td><a href="#m21">verifyBankManagerLoginButton</a></td><td rowspan="1">1646401864733</td><td rowspan="1">0</td></tr><tr class="skippedodd"><td><a href="#m22">verifyCustomerLoginButton</a></td><td rowspan="1">1646401864782</td><td rowspan="1">0</td></tr></tbody>
<tbody id="t1"><tr><th colspan="4">OperaTest &#8212; failed</th></tr><tr class="failedeven"><td rowspan="1">testClasses.VerifyAllTabsComesUnderBankManager</td><td><a href="#m23">verifyCustomersTab</a></td><td rowspan="1">1646401963945</td><td rowspan="1">1423</td></tr><tr><th colspan="4">OperaTest &#8212; passed</th></tr><tr class="passedeven"><td rowspan="2">testClasses.VerifyAllTabsComesUnderBankManager</td><td><a href="#m24">verifyAddCustomerTab</a></td><td rowspan="1">1646401954306</td><td rowspan="1">2998</td></tr><tr class="passedeven"><td><a href="#m25">verifyOpenAccountTab</a></td><td rowspan="1">1646401958769</td><td rowspan="1">3379</td></tr><tr class="passedodd"><td rowspan="2">testClasses.VerifyLoginTabs</td><td><a href="#m26">verifyBankManagerLoginButton</a></td><td rowspan="1">1646401931300</td><td rowspan="1">13584</td></tr><tr class="passedodd"><td><a href="#m27">verifyCustomerLoginButton</a></td><td rowspan="1">1646401946874</td><td rowspan="1">212</td></tr></tbody>
</table>
<h2>ChromeTest</h2><h3 id="m0">testClasses.VerifyAllTabsComesUnderBankManager#lauchBrowser</h3><table class="result"><tr class="param"><th>Parameter #1</th></tr><tr class="param stripe"><td>Chrome</td></tr><tr><th>Exception</th></tr><tr><td><div class="stacktrace">org.openqa.selenium.SessionNotCreatedException: session not created: This version of ChromeDriver only supports Chrome version 97
Current browser version is 99.0.4844.51 with binary path C:\Program Files\Google\Chrome\Application\chrome.exe
Build info: version: &apos;3.141.59&apos;, revision: &apos;e82be7d358&apos;, time: &apos;2018-11-14T08:17:03&apos;
System info: host: &apos;DESKTOP-9NBI2B1&apos;, ip: &apos;192.168.0.144&apos;, os.name: &apos;Windows 10&apos;, os.arch: &apos;amd64&apos;, os.version: &apos;10.0&apos;, java.version: &apos;17.0.1&apos;
Driver info: driver.version: ChromeDriver
remote stacktrace: Backtrace:
	Ordinal0 [0x00CCFDC3+2555331]
	Ordinal0 [0x00C677F1+2127857]
	Ordinal0 [0x00B62E08+1060360]
	Ordinal0 [0x00B819CA+1186250]
	Ordinal0 [0x00B7D825+1169445]
	Ordinal0 [0x00B7AFC1+1159105]
	Ordinal0 [0x00BAC22F+1360431]
	Ordinal0 [0x00BABE9A+1359514]
	Ordinal0 [0x00BA7976+1341814]
	Ordinal0 [0x00B836B6+1193654]
	Ordinal0 [0x00B84546+1197382]
	GetHandleVerifier [0x00E69622+1619522]
	GetHandleVerifier [0x00F1882C+2336844]
	GetHandleVerifier [0x00D623E1+541697]
	GetHandleVerifier [0x00D61443+537699]
	Ordinal0 [0x00C6D18E+2150798]
	Ordinal0 [0x00C71518+2168088]
	Ordinal0 [0x00C71660+2168416]
	Ordinal0 [0x00C7B330+2208560]
	BaseThreadInitThunk [0x776BFA29+25]
	RtlGetAppContainerNamedObjectPath [0x77867A9E+286]
	RtlGetAppContainerNamedObjectPath [0x77867A6E+238]

	at org.openqa.selenium.remote.W3CHandshakeResponse.lambda$errorHandler$0(W3CHandshakeResponse.java:62)
	at org.openqa.selenium.remote.HandshakeResponse.lambda$getResponseFunction$0(HandshakeResponse.java:30)
	at org.openqa.selenium.remote.ProtocolHandshake.lambda$createSession$0(ProtocolHandshake.java:126)
	at java.base/java.util.stream.ReferencePipeline$3$1.accept(ReferencePipeline.java:197)
	at java.base/java.util.Spliterators$ArraySpliterator.tryAdvance(Spliterators.java:1002)
	at java.base/java.util.stream.ReferencePipeline.forEachWithCancel(ReferencePipeline.java:129)
	at java.base/java.util.stream.AbstractPipeline.copyIntoWithCancel(AbstractPipeline.java:527)
	at java.base/java.util.stream.AbstractPipeline.copyInto(AbstractPipeline.java:513)
	at java.base/java.util.stream.AbstractPipeline.wrapAndCopyInto(AbstractPipeline.java:499)
	at java.base/java.util.stream.FindOps$FindOp.evaluateSequential(FindOps.java:150)
	at java.base/java.util.stream.AbstractPipeline.evaluate(AbstractPipeline.java:234)
	at java.base/java.util.stream.ReferencePipeline.findFirst(ReferencePipeline.java:647)
	at org.openqa.selenium.remote.ProtocolHandshake.createSession(ProtocolHandshake.java:128)
	at org.openqa.selenium.remote.ProtocolHandshake.createSession(ProtocolHandshake.java:74)
	at org.openqa.selenium.remote.HttpCommandExecutor.execute(HttpCommandExecutor.java:136)
	at org.openqa.selenium.remote.service.DriverCommandExecutor.execute(DriverCommandExecutor.java:83)
	at org.openqa.selenium.remote.RemoteWebDriver.execute(RemoteWebDriver.java:552)
	at org.openqa.selenium.remote.RemoteWebDriver.startSession(RemoteWebDriver.java:213)
	at org.openqa.selenium.remote.RemoteWebDriver.&lt;init&gt;(RemoteWebDriver.java:131)
	at org.openqa.selenium.chrome.ChromeDriver.&lt;init&gt;(ChromeDriver.java:181)
	at org.openqa.selenium.chrome.ChromeDriver.&lt;init&gt;(ChromeDriver.java:168)
	at org.openqa.selenium.chrome.ChromeDriver.&lt;init&gt;(ChromeDriver.java:123)
	at base.Browser.launchTheChromeBrowser(Browser.java:12)
	at testClasses.VerifyAllTabsComesUnderBankManager.lauchBrowser(VerifyAllTabsComesUnderBankManager.java:40)
... Removed 29 stack frames</div></td></tr></table><p class="totop"><a href="#summary">back to summary</a></p>
<h3 id="m1">testClasses.VerifyAllTabsComesUnderBankManager#clearPOmObjects</h3><table class="result"><tr><th class="invisible"/></tr></table><p class="totop"><a href="#summary">back to summary</a></p>
<h3 id="m2">testClasses.VerifyAllTabsComesUnderBankManager#closeBrowser</h3><table class="result"><tr><th class="invisible"/></tr></table><p class="totop"><a href="#summary">back to summary</a></p>
<h3 id="m3">testClasses.VerifyAllTabsComesUnderBankManager#createObjectsOfPOMClasses</h3><table class="result"><tr><th class="invisible"/></tr></table><p class="totop"><a href="#summary">back to summary</a></p>
<h3 id="m4">testClasses.VerifyAllTabsComesUnderBankManager#gotoHomePage</h3><table class="result"><tr><th class="invisible"/></tr></table><p class="totop"><a href="#summary">back to summary</a></p>
<h3 id="m5">testClasses.VerifyAllTabsComesUnderBankManager#gotoHomePage</h3><table class="result"><tr><th class="invisible"/></tr></table><p class="totop"><a href="#summary">back to summary</a></p>
<h3 id="m6">testClasses.VerifyAllTabsComesUnderBankManager#gotoHomePage</h3><table class="result"><tr><th class="invisible"/></tr></table><p class="totop"><a href="#summary">back to summary</a></p>
<h3 id="m7">testClasses.VerifyAllTabsComesUnderBankManager#lauchTheApplication</h3><table class="result"><tr><th class="invisible"/></tr></table><p class="totop"><a href="#summary">back to summary</a></p>
<h3 id="m8">testClasses.VerifyAllTabsComesUnderBankManager#lauchTheApplication</h3><table class="result"><tr><th class="invisible"/></tr></table><p class="totop"><a href="#summary">back to summary</a></p>
<h3 id="m9">testClasses.VerifyAllTabsComesUnderBankManager#lauchTheApplication</h3><table class="result"><tr><th class="invisible"/></tr></table><p class="totop"><a href="#summary">back to summary</a></p>
<h3 id="m10">testClasses.VerifyLoginTabs#CreateObjectsOfPOMClasses</h3><table class="result"><tr><th class="invisible"/></tr></table><p class="totop"><a href="#summary">back to summary</a></p>
<h3 id="m11">testClasses.VerifyLoginTabs#clearPOMObjects</h3><table class="result"><tr><th class="invisible"/></tr></table><p class="totop"><a href="#summary">back to summary</a></p>
<h3 id="m12">testClasses.VerifyLoginTabs#closeBrowser</h3><table class="result"><tr><th class="invisible"/></tr></table><p class="totop"><a href="#summary">back to summary</a></p>
<h3 id="m13">testClasses.VerifyLoginTabs#gotoHomePage</h3><table class="result"><tr><th class="invisible"/></tr></table><p class="totop"><a href="#summary">back to summary</a></p>
<h3 id="m14">testClasses.VerifyLoginTabs#gotoHomePage</h3><table class="result"><tr><th class="invisible"/></tr></table><p class="totop"><a href="#summary">back to summary</a></p>
<h3 id="m15">testClasses.VerifyLoginTabs#lauchBrowser</h3><table class="result"><tr><th class="invisible"/></tr></table><p class="totop"><a href="#summary">back to summary</a></p>
<h3 id="m16">testClasses.VerifyLoginTabs#lauchTheApplication</h3><table class="result"><tr><th class="invisible"/></tr></table><p class="totop"><a href="#summary">back to summary</a></p>
<h3 id="m17">testClasses.VerifyLoginTabs#lauchTheApplication</h3><table class="result"><tr><th class="invisible"/></tr></table><p class="totop"><a href="#summary">back to summary</a></p>
<h3 id="m18">testClasses.VerifyAllTabsComesUnderBankManager#verifyAddCustomerTab</h3><table class="result"><tr><th>Exception</th></tr><tr><td><div class="stacktrace">org.openqa.selenium.SessionNotCreatedException: session not created: This version of ChromeDriver only supports Chrome version 97
Current browser version is 99.0.4844.51 with binary path C:\Program Files\Google\Chrome\Application\chrome.exe
Build info: version: &apos;3.141.59&apos;, revision: &apos;e82be7d358&apos;, time: &apos;2018-11-14T08:17:03&apos;
System info: host: &apos;DESKTOP-9NBI2B1&apos;, ip: &apos;192.168.0.144&apos;, os.name: &apos;Windows 10&apos;, os.arch: &apos;amd64&apos;, os.version: &apos;10.0&apos;, java.version: &apos;17.0.1&apos;
Driver info: driver.version: ChromeDriver
remote stacktrace: Backtrace:
	Ordinal0 [0x00CCFDC3+2555331]
	Ordinal0 [0x00C677F1+2127857]
	Ordinal0 [0x00B62E08+1060360]
	Ordinal0 [0x00B819CA+1186250]
	Ordinal0 [0x00B7D825+1169445]
	Ordinal0 [0x00B7AFC1+1159105]
	Ordinal0 [0x00BAC22F+1360431]
	Ordinal0 [0x00BABE9A+1359514]
	Ordinal0 [0x00BA7976+1341814]
	Ordinal0 [0x00B836B6+1193654]
	Ordinal0 [0x00B84546+1197382]
	GetHandleVerifier [0x00E69622+1619522]
	GetHandleVerifier [0x00F1882C+2336844]
	GetHandleVerifier [0x00D623E1+541697]
	GetHandleVerifier [0x00D61443+537699]
	Ordinal0 [0x00C6D18E+2150798]
	Ordinal0 [0x00C71518+2168088]
	Ordinal0 [0x00C71660+2168416]
	Ordinal0 [0x00C7B330+2208560]
	BaseThreadInitThunk [0x776BFA29+25]
	RtlGetAppContainerNamedObjectPath [0x77867A9E+286]
	RtlGetAppContainerNamedObjectPath [0x77867A6E+238]

	at org.openqa.selenium.remote.W3CHandshakeResponse.lambda$errorHandler$0(W3CHandshakeResponse.java:62)
	at org.openqa.selenium.remote.HandshakeResponse.lambda$getResponseFunction$0(HandshakeResponse.java:30)
	at org.openqa.selenium.remote.ProtocolHandshake.lambda$createSession$0(ProtocolHandshake.java:126)
	at java.base/java.util.stream.ReferencePipeline$3$1.accept(ReferencePipeline.java:197)
	at java.base/java.util.Spliterators$ArraySpliterator.tryAdvance(Spliterators.java:1002)
	at java.base/java.util.stream.ReferencePipeline.forEachWithCancel(ReferencePipeline.java:129)
	at java.base/java.util.stream.AbstractPipeline.copyIntoWithCancel(AbstractPipeline.java:527)
	at java.base/java.util.stream.AbstractPipeline.copyInto(AbstractPipeline.java:513)
	at java.base/java.util.stream.AbstractPipeline.wrapAndCopyInto(AbstractPipeline.java:499)
	at java.base/java.util.stream.FindOps$FindOp.evaluateSequential(FindOps.java:150)
	at java.base/java.util.stream.AbstractPipeline.evaluate(AbstractPipeline.java:234)
	at java.base/java.util.stream.ReferencePipeline.findFirst(ReferencePipeline.java:647)
	at org.openqa.selenium.remote.ProtocolHandshake.createSession(ProtocolHandshake.java:128)
	at org.openqa.selenium.remote.ProtocolHandshake.createSession(ProtocolHandshake.java:74)
	at org.openqa.selenium.remote.HttpCommandExecutor.execute(HttpCommandExecutor.java:136)
	at org.openqa.selenium.remote.service.DriverCommandExecutor.execute(DriverCommandExecutor.java:83)
	at org.openqa.selenium.remote.RemoteWebDriver.execute(RemoteWebDriver.java:552)
	at org.openqa.selenium.remote.RemoteWebDriver.startSession(RemoteWebDriver.java:213)
	at org.openqa.selenium.remote.RemoteWebDriver.&lt;init&gt;(RemoteWebDriver.java:131)
	at org.openqa.selenium.chrome.ChromeDriver.&lt;init&gt;(ChromeDriver.java:181)
	at org.openqa.selenium.chrome.ChromeDriver.&lt;init&gt;(ChromeDriver.java:168)
	at org.openqa.selenium.chrome.ChromeDriver.&lt;init&gt;(ChromeDriver.java:123)
	at base.Browser.launchTheChromeBrowser(Browser.java:12)
	at testClasses.VerifyAllTabsComesUnderBankManager.lauchBrowser(VerifyAllTabsComesUnderBankManager.java:40)
... Removed 29 stack frames</div></td></tr></table><p class="totop"><a href="#summary">back to summary</a></p>
<h3 id="m19">testClasses.VerifyAllTabsComesUnderBankManager#verifyCustomersTab</h3><table class="result"><tr><th>Exception</th></tr><tr><td><div class="stacktrace">org.openqa.selenium.SessionNotCreatedException: session not created: This version of ChromeDriver only supports Chrome version 97
Current browser version is 99.0.4844.51 with binary path C:\Program Files\Google\Chrome\Application\chrome.exe
Build info: version: &apos;3.141.59&apos;, revision: &apos;e82be7d358&apos;, time: &apos;2018-11-14T08:17:03&apos;
System info: host: &apos;DESKTOP-9NBI2B1&apos;, ip: &apos;192.168.0.144&apos;, os.name: &apos;Windows 10&apos;, os.arch: &apos;amd64&apos;, os.version: &apos;10.0&apos;, java.version: &apos;17.0.1&apos;
Driver info: driver.version: ChromeDriver
remote stacktrace: Backtrace:
	Ordinal0 [0x00CCFDC3+2555331]
	Ordinal0 [0x00C677F1+2127857]
	Ordinal0 [0x00B62E08+1060360]
	Ordinal0 [0x00B819CA+1186250]
	Ordinal0 [0x00B7D825+1169445]
	Ordinal0 [0x00B7AFC1+1159105]
	Ordinal0 [0x00BAC22F+1360431]
	Ordinal0 [0x00BABE9A+1359514]
	Ordinal0 [0x00BA7976+1341814]
	Ordinal0 [0x00B836B6+1193654]
	Ordinal0 [0x00B84546+1197382]
	GetHandleVerifier [0x00E69622+1619522]
	GetHandleVerifier [0x00F1882C+2336844]
	GetHandleVerifier [0x00D623E1+541697]
	GetHandleVerifier [0x00D61443+537699]
	Ordinal0 [0x00C6D18E+2150798]
	Ordinal0 [0x00C71518+2168088]
	Ordinal0 [0x00C71660+2168416]
	Ordinal0 [0x00C7B330+2208560]
	BaseThreadInitThunk [0x776BFA29+25]
	RtlGetAppContainerNamedObjectPath [0x77867A9E+286]
	RtlGetAppContainerNamedObjectPath [0x77867A6E+238]

	at org.openqa.selenium.remote.W3CHandshakeResponse.lambda$errorHandler$0(W3CHandshakeResponse.java:62)
	at org.openqa.selenium.remote.HandshakeResponse.lambda$getResponseFunction$0(HandshakeResponse.java:30)
	at org.openqa.selenium.remote.ProtocolHandshake.lambda$createSession$0(ProtocolHandshake.java:126)
	at java.base/java.util.stream.ReferencePipeline$3$1.accept(ReferencePipeline.java:197)
	at java.base/java.util.Spliterators$ArraySpliterator.tryAdvance(Spliterators.java:1002)
	at java.base/java.util.stream.ReferencePipeline.forEachWithCancel(ReferencePipeline.java:129)
	at java.base/java.util.stream.AbstractPipeline.copyIntoWithCancel(AbstractPipeline.java:527)
	at java.base/java.util.stream.AbstractPipeline.copyInto(AbstractPipeline.java:513)
	at java.base/java.util.stream.AbstractPipeline.wrapAndCopyInto(AbstractPipeline.java:499)
	at java.base/java.util.stream.FindOps$FindOp.evaluateSequential(FindOps.java:150)
	at java.base/java.util.stream.AbstractPipeline.evaluate(AbstractPipeline.java:234)
	at java.base/java.util.stream.ReferencePipeline.findFirst(ReferencePipeline.java:647)
	at org.openqa.selenium.remote.ProtocolHandshake.createSession(ProtocolHandshake.java:128)
	at org.openqa.selenium.remote.ProtocolHandshake.createSession(ProtocolHandshake.java:74)
	at org.openqa.selenium.remote.HttpCommandExecutor.execute(HttpCommandExecutor.java:136)
	at org.openqa.selenium.remote.service.DriverCommandExecutor.execute(DriverCommandExecutor.java:83)
	at org.openqa.selenium.remote.RemoteWebDriver.execute(RemoteWebDriver.java:552)
	at org.openqa.selenium.remote.RemoteWebDriver.startSession(RemoteWebDriver.java:213)
	at org.openqa.selenium.remote.RemoteWebDriver.&lt;init&gt;(RemoteWebDriver.java:131)
	at org.openqa.selenium.chrome.ChromeDriver.&lt;init&gt;(ChromeDriver.java:181)
	at org.openqa.selenium.chrome.ChromeDriver.&lt;init&gt;(ChromeDriver.java:168)
	at org.openqa.selenium.chrome.ChromeDriver.&lt;init&gt;(ChromeDriver.java:123)
	at base.Browser.launchTheChromeBrowser(Browser.java:12)
	at testClasses.VerifyAllTabsComesUnderBankManager.lauchBrowser(VerifyAllTabsComesUnderBankManager.java:40)
... Removed 29 stack frames</div></td></tr></table><p class="totop"><a href="#summary">back to summary</a></p>
<h3 id="m20">testClasses.VerifyAllTabsComesUnderBankManager#verifyOpenAccountTab</h3><table class="result"><tr><th>Exception</th></tr><tr><td><div class="stacktrace">org.openqa.selenium.SessionNotCreatedException: session not created: This version of ChromeDriver only supports Chrome version 97
Current browser version is 99.0.4844.51 with binary path C:\Program Files\Google\Chrome\Application\chrome.exe
Build info: version: &apos;3.141.59&apos;, revision: &apos;e82be7d358&apos;, time: &apos;2018-11-14T08:17:03&apos;
System info: host: &apos;DESKTOP-9NBI2B1&apos;, ip: &apos;192.168.0.144&apos;, os.name: &apos;Windows 10&apos;, os.arch: &apos;amd64&apos;, os.version: &apos;10.0&apos;, java.version: &apos;17.0.1&apos;
Driver info: driver.version: ChromeDriver
remote stacktrace: Backtrace:
	Ordinal0 [0x00CCFDC3+2555331]
	Ordinal0 [0x00C677F1+2127857]
	Ordinal0 [0x00B62E08+1060360]
	Ordinal0 [0x00B819CA+1186250]
	Ordinal0 [0x00B7D825+1169445]
	Ordinal0 [0x00B7AFC1+1159105]
	Ordinal0 [0x00BAC22F+1360431]
	Ordinal0 [0x00BABE9A+1359514]
	Ordinal0 [0x00BA7976+1341814]
	Ordinal0 [0x00B836B6+1193654]
	Ordinal0 [0x00B84546+1197382]
	GetHandleVerifier [0x00E69622+1619522]
	GetHandleVerifier [0x00F1882C+2336844]
	GetHandleVerifier [0x00D623E1+541697]
	GetHandleVerifier [0x00D61443+537699]
	Ordinal0 [0x00C6D18E+2150798]
	Ordinal0 [0x00C71518+2168088]
	Ordinal0 [0x00C71660+2168416]
	Ordinal0 [0x00C7B330+2208560]
	BaseThreadInitThunk [0x776BFA29+25]
	RtlGetAppContainerNamedObjectPath [0x77867A9E+286]
	RtlGetAppContainerNamedObjectPath [0x77867A6E+238]

	at org.openqa.selenium.remote.W3CHandshakeResponse.lambda$errorHandler$0(W3CHandshakeResponse.java:62)
	at org.openqa.selenium.remote.HandshakeResponse.lambda$getResponseFunction$0(HandshakeResponse.java:30)
	at org.openqa.selenium.remote.ProtocolHandshake.lambda$createSession$0(ProtocolHandshake.java:126)
	at java.base/java.util.stream.ReferencePipeline$3$1.accept(ReferencePipeline.java:197)
	at java.base/java.util.Spliterators$ArraySpliterator.tryAdvance(Spliterators.java:1002)
	at java.base/java.util.stream.ReferencePipeline.forEachWithCancel(ReferencePipeline.java:129)
	at java.base/java.util.stream.AbstractPipeline.copyIntoWithCancel(AbstractPipeline.java:527)
	at java.base/java.util.stream.AbstractPipeline.copyInto(AbstractPipeline.java:513)
	at java.base/java.util.stream.AbstractPipeline.wrapAndCopyInto(AbstractPipeline.java:499)
	at java.base/java.util.stream.FindOps$FindOp.evaluateSequential(FindOps.java:150)
	at java.base/java.util.stream.AbstractPipeline.evaluate(AbstractPipeline.java:234)
	at java.base/java.util.stream.ReferencePipeline.findFirst(ReferencePipeline.java:647)
	at org.openqa.selenium.remote.ProtocolHandshake.createSession(ProtocolHandshake.java:128)
	at org.openqa.selenium.remote.ProtocolHandshake.createSession(ProtocolHandshake.java:74)
	at org.openqa.selenium.remote.HttpCommandExecutor.execute(HttpCommandExecutor.java:136)
	at org.openqa.selenium.remote.service.DriverCommandExecutor.execute(DriverCommandExecutor.java:83)
	at org.openqa.selenium.remote.RemoteWebDriver.execute(RemoteWebDriver.java:552)
	at org.openqa.selenium.remote.RemoteWebDriver.startSession(RemoteWebDriver.java:213)
	at org.openqa.selenium.remote.RemoteWebDriver.&lt;init&gt;(RemoteWebDriver.java:131)
	at org.openqa.selenium.chrome.ChromeDriver.&lt;init&gt;(ChromeDriver.java:181)
	at org.openqa.selenium.chrome.ChromeDriver.&lt;init&gt;(ChromeDriver.java:168)
	at org.openqa.selenium.chrome.ChromeDriver.&lt;init&gt;(ChromeDriver.java:123)
	at base.Browser.launchTheChromeBrowser(Browser.java:12)
	at testClasses.VerifyAllTabsComesUnderBankManager.lauchBrowser(VerifyAllTabsComesUnderBankManager.java:40)
... Removed 29 stack frames</div></td></tr></table><p class="totop"><a href="#summary">back to summary</a></p>
<h3 id="m21">testClasses.VerifyLoginTabs#verifyBankManagerLoginButton</h3><table class="result"><tr><th>Exception</th></tr><tr><td><div class="stacktrace">org.openqa.selenium.SessionNotCreatedException: session not created: This version of ChromeDriver only supports Chrome version 97
Current browser version is 99.0.4844.51 with binary path C:\Program Files\Google\Chrome\Application\chrome.exe
Build info: version: &apos;3.141.59&apos;, revision: &apos;e82be7d358&apos;, time: &apos;2018-11-14T08:17:03&apos;
System info: host: &apos;DESKTOP-9NBI2B1&apos;, ip: &apos;192.168.0.144&apos;, os.name: &apos;Windows 10&apos;, os.arch: &apos;amd64&apos;, os.version: &apos;10.0&apos;, java.version: &apos;17.0.1&apos;
Driver info: driver.version: ChromeDriver
remote stacktrace: Backtrace:
	Ordinal0 [0x00CCFDC3+2555331]
	Ordinal0 [0x00C677F1+2127857]
	Ordinal0 [0x00B62E08+1060360]
	Ordinal0 [0x00B819CA+1186250]
	Ordinal0 [0x00B7D825+1169445]
	Ordinal0 [0x00B7AFC1+1159105]
	Ordinal0 [0x00BAC22F+1360431]
	Ordinal0 [0x00BABE9A+1359514]
	Ordinal0 [0x00BA7976+1341814]
	Ordinal0 [0x00B836B6+1193654]
	Ordinal0 [0x00B84546+1197382]
	GetHandleVerifier [0x00E69622+1619522]
	GetHandleVerifier [0x00F1882C+2336844]
	GetHandleVerifier [0x00D623E1+541697]
	GetHandleVerifier [0x00D61443+537699]
	Ordinal0 [0x00C6D18E+2150798]
	Ordinal0 [0x00C71518+2168088]
	Ordinal0 [0x00C71660+2168416]
	Ordinal0 [0x00C7B330+2208560]
	BaseThreadInitThunk [0x776BFA29+25]
	RtlGetAppContainerNamedObjectPath [0x77867A9E+286]
	RtlGetAppContainerNamedObjectPath [0x77867A6E+238]

	at org.openqa.selenium.remote.W3CHandshakeResponse.lambda$errorHandler$0(W3CHandshakeResponse.java:62)
	at org.openqa.selenium.remote.HandshakeResponse.lambda$getResponseFunction$0(HandshakeResponse.java:30)
	at org.openqa.selenium.remote.ProtocolHandshake.lambda$createSession$0(ProtocolHandshake.java:126)
	at java.base/java.util.stream.ReferencePipeline$3$1.accept(ReferencePipeline.java:197)
	at java.base/java.util.Spliterators$ArraySpliterator.tryAdvance(Spliterators.java:1002)
	at java.base/java.util.stream.ReferencePipeline.forEachWithCancel(ReferencePipeline.java:129)
	at java.base/java.util.stream.AbstractPipeline.copyIntoWithCancel(AbstractPipeline.java:527)
	at java.base/java.util.stream.AbstractPipeline.copyInto(AbstractPipeline.java:513)
	at java.base/java.util.stream.AbstractPipeline.wrapAndCopyInto(AbstractPipeline.java:499)
	at java.base/java.util.stream.FindOps$FindOp.evaluateSequential(FindOps.java:150)
	at java.base/java.util.stream.AbstractPipeline.evaluate(AbstractPipeline.java:234)
	at java.base/java.util.stream.ReferencePipeline.findFirst(ReferencePipeline.java:647)
	at org.openqa.selenium.remote.ProtocolHandshake.createSession(ProtocolHandshake.java:128)
	at org.openqa.selenium.remote.ProtocolHandshake.createSession(ProtocolHandshake.java:74)
	at org.openqa.selenium.remote.HttpCommandExecutor.execute(HttpCommandExecutor.java:136)
	at org.openqa.selenium.remote.service.DriverCommandExecutor.execute(DriverCommandExecutor.java:83)
	at org.openqa.selenium.remote.RemoteWebDriver.execute(RemoteWebDriver.java:552)
	at org.openqa.selenium.remote.RemoteWebDriver.startSession(RemoteWebDriver.java:213)
	at org.openqa.selenium.remote.RemoteWebDriver.&lt;init&gt;(RemoteWebDriver.java:131)
	at org.openqa.selenium.chrome.ChromeDriver.&lt;init&gt;(ChromeDriver.java:181)
	at org.openqa.selenium.chrome.ChromeDriver.&lt;init&gt;(ChromeDriver.java:168)
	at org.openqa.selenium.chrome.ChromeDriver.&lt;init&gt;(ChromeDriver.java:123)
	at base.Browser.launchTheChromeBrowser(Browser.java:12)
	at testClasses.VerifyAllTabsComesUnderBankManager.lauchBrowser(VerifyAllTabsComesUnderBankManager.java:40)
... Removed 29 stack frames</div></td></tr></table><p class="totop"><a href="#summary">back to summary</a></p>
<h3 id="m22">testClasses.VerifyLoginTabs#verifyCustomerLoginButton</h3><table class="result"><tr><th>Exception</th></tr><tr><td><div class="stacktrace">org.openqa.selenium.SessionNotCreatedException: session not created: This version of ChromeDriver only supports Chrome version 97
Current browser version is 99.0.4844.51 with binary path C:\Program Files\Google\Chrome\Application\chrome.exe
Build info: version: &apos;3.141.59&apos;, revision: &apos;e82be7d358&apos;, time: &apos;2018-11-14T08:17:03&apos;
System info: host: &apos;DESKTOP-9NBI2B1&apos;, ip: &apos;192.168.0.144&apos;, os.name: &apos;Windows 10&apos;, os.arch: &apos;amd64&apos;, os.version: &apos;10.0&apos;, java.version: &apos;17.0.1&apos;
Driver info: driver.version: ChromeDriver
remote stacktrace: Backtrace:
	Ordinal0 [0x00CCFDC3+2555331]
	Ordinal0 [0x00C677F1+2127857]
	Ordinal0 [0x00B62E08+1060360]
	Ordinal0 [0x00B819CA+1186250]
	Ordinal0 [0x00B7D825+1169445]
	Ordinal0 [0x00B7AFC1+1159105]
	Ordinal0 [0x00BAC22F+1360431]
	Ordinal0 [0x00BABE9A+1359514]
	Ordinal0 [0x00BA7976+1341814]
	Ordinal0 [0x00B836B6+1193654]
	Ordinal0 [0x00B84546+1197382]
	GetHandleVerifier [0x00E69622+1619522]
	GetHandleVerifier [0x00F1882C+2336844]
	GetHandleVerifier [0x00D623E1+541697]
	GetHandleVerifier [0x00D61443+537699]
	Ordinal0 [0x00C6D18E+2150798]
	Ordinal0 [0x00C71518+2168088]
	Ordinal0 [0x00C71660+2168416]
	Ordinal0 [0x00C7B330+2208560]
	BaseThreadInitThunk [0x776BFA29+25]
	RtlGetAppContainerNamedObjectPath [0x77867A9E+286]
	RtlGetAppContainerNamedObjectPath [0x77867A6E+238]

	at org.openqa.selenium.remote.W3CHandshakeResponse.lambda$errorHandler$0(W3CHandshakeResponse.java:62)
	at org.openqa.selenium.remote.HandshakeResponse.lambda$getResponseFunction$0(HandshakeResponse.java:30)
	at org.openqa.selenium.remote.ProtocolHandshake.lambda$createSession$0(ProtocolHandshake.java:126)
	at java.base/java.util.stream.ReferencePipeline$3$1.accept(ReferencePipeline.java:197)
	at java.base/java.util.Spliterators$ArraySpliterator.tryAdvance(Spliterators.java:1002)
	at java.base/java.util.stream.ReferencePipeline.forEachWithCancel(ReferencePipeline.java:129)
	at java.base/java.util.stream.AbstractPipeline.copyIntoWithCancel(AbstractPipeline.java:527)
	at java.base/java.util.stream.AbstractPipeline.copyInto(AbstractPipeline.java:513)
	at java.base/java.util.stream.AbstractPipeline.wrapAndCopyInto(AbstractPipeline.java:499)
	at java.base/java.util.stream.FindOps$FindOp.evaluateSequential(FindOps.java:150)
	at java.base/java.util.stream.AbstractPipeline.evaluate(AbstractPipeline.java:234)
	at java.base/java.util.stream.ReferencePipeline.findFirst(ReferencePipeline.java:647)
	at org.openqa.selenium.remote.ProtocolHandshake.createSession(ProtocolHandshake.java:128)
	at org.openqa.selenium.remote.ProtocolHandshake.createSession(ProtocolHandshake.java:74)
	at org.openqa.selenium.remote.HttpCommandExecutor.execute(HttpCommandExecutor.java:136)
	at org.openqa.selenium.remote.service.DriverCommandExecutor.execute(DriverCommandExecutor.java:83)
	at org.openqa.selenium.remote.RemoteWebDriver.execute(RemoteWebDriver.java:552)
	at org.openqa.selenium.remote.RemoteWebDriver.startSession(RemoteWebDriver.java:213)
	at org.openqa.selenium.remote.RemoteWebDriver.&lt;init&gt;(RemoteWebDriver.java:131)
	at org.openqa.selenium.chrome.ChromeDriver.&lt;init&gt;(ChromeDriver.java:181)
	at org.openqa.selenium.chrome.ChromeDriver.&lt;init&gt;(ChromeDriver.java:168)
	at org.openqa.selenium.chrome.ChromeDriver.&lt;init&gt;(ChromeDriver.java:123)
	at base.Browser.launchTheChromeBrowser(Browser.java:12)
	at testClasses.VerifyAllTabsComesUnderBankManager.lauchBrowser(VerifyAllTabsComesUnderBankManager.java:40)
... Removed 29 stack frames</div></td></tr></table><p class="totop"><a href="#summary">back to summary</a></p>
<h2>OperaTest</h2><h3 id="m23">testClasses.VerifyAllTabsComesUnderBankManager#verifyCustomersTab</h3><table class="result"><tr><th>Exception</th></tr><tr><td><div class="stacktrace">org.openqa.selenium.NoAlertPresentException: no such alert
  (Session info: chrome=98.0.4758.102)
  (Driver info: operadriver=98.0.4758.82 (199fc4f2ce08413e0126f4e98393232412a76ab6-refs/branch-heads/4758@{#974}),platform=Windows NT 10.0.19044 x86_64) (WARNING: The server did not provide any stacktrace information)
Command duration or timeout: 0 milliseconds
Build info: version: &apos;3.141.59&apos;, revision: &apos;e82be7d358&apos;, time: &apos;2018-11-14T08:17:03&apos;
System info: host: &apos;DESKTOP-9NBI2B1&apos;, ip: &apos;192.168.0.144&apos;, os.name: &apos;Windows 10&apos;, os.arch: &apos;amd64&apos;, os.version: &apos;10.0&apos;, java.version: &apos;17.0.1&apos;
Driver info: org.openqa.selenium.opera.OperaDriver
Capabilities {acceptInsecureCerts: false, acceptSslCerts: false, browserConnectionEnabled: false, browserName: opera, cssSelectorsEnabled: true, databaseEnabled: false, goog:chromeOptions: {debuggerAddress: localhost:54926}, handlesAlerts: true, hasTouchScreen: false, javascriptEnabled: true, locationContextEnabled: true, mobileEmulationEnabled: false, nativeEvents: true, networkConnectionEnabled: false, opera: {operadriverVersion: 98.0.4758.82 (199fc4f2ce084..., userDataDir: C:\Users\Gaurav\AppData\Loc...}, pageLoadStrategy: normal, platform: WINDOWS, platformName: WINDOWS, proxy: Proxy(), rotatable: false, setWindowRect: true, strictFileInteractability: false, takesHeapSnapshot: true, takesScreenshot: true, timeouts: {implicit: 0, pageLoad: 300000, script: 30000}, unexpectedAlertBehaviour: ignore, unhandledPromptBehavior: ignore, version: 98.0.4758.102, webStorageEnabled: true, webauthn:extension:credBlob: true, webauthn:extension:largeBlob: true, webauthn:virtualAuthenticators: true}
Session ID: 2992814e4db4110495ee0bdeaf995f59
	at org.openqa.selenium.remote.ErrorHandler.createThrowable(ErrorHandler.java:214)
	at org.openqa.selenium.remote.ErrorHandler.throwIfResponseFailed(ErrorHandler.java:166)
	at org.openqa.selenium.remote.http.JsonHttpResponseCodec.reconstructValue(JsonHttpResponseCodec.java:40)
	at org.openqa.selenium.remote.http.AbstractHttpResponseCodec.decode(AbstractHttpResponseCodec.java:80)
	at org.openqa.selenium.remote.http.AbstractHttpResponseCodec.decode(AbstractHttpResponseCodec.java:44)
	at org.openqa.selenium.remote.HttpCommandExecutor.execute(HttpCommandExecutor.java:158)
	at org.openqa.selenium.remote.service.DriverCommandExecutor.execute(DriverCommandExecutor.java:83)
	at org.openqa.selenium.remote.RemoteWebDriver.execute(RemoteWebDriver.java:552)
	at org.openqa.selenium.remote.RemoteWebDriver.execute(RemoteWebDriver.java:609)
	at org.openqa.selenium.remote.RemoteWebDriver$RemoteTargetLocator.alert(RemoteWebDriver.java:932)
	at testClasses.VerifyAllTabsComesUnderBankManager.verifyCustomersTab(VerifyAllTabsComesUnderBankManager.java:92)
	at java.base/java.util.concurrent.ThreadPoolExecutor.runWorker(ThreadPoolExecutor.java:1136)
	at java.base/java.util.concurrent.ThreadPoolExecutor$Worker.run(ThreadPoolExecutor.java:635)
	at java.base/java.lang.Thread.run(Thread.java:833)
... Removed 17 stack frames</div></td></tr></table><p class="totop"><a href="#summary">back to summary</a></p>
<h3 id="m24">testClasses.VerifyAllTabsComesUnderBankManager#verifyAddCustomerTab</h3><table class="result"><tr><th class="invisible"/></tr></table><p class="totop"><a href="#summary">back to summary</a></p>
<h3 id="m25">testClasses.VerifyAllTabsComesUnderBankManager#verifyOpenAccountTab</h3><table class="result"><tr><th class="invisible"/></tr></table><p class="totop"><a href="#summary">back to summary</a></p>
<h3 id="m26">testClasses.VerifyLoginTabs#verifyBankManagerLoginButton</h3><table class="result"><tr><th class="invisible"/></tr></table><p class="totop"><a href="#summary">back to summary</a></p>
<h3 id="m27">testClasses.VerifyLoginTabs#verifyCustomerLoginButton</h3><table class="result"><tr><th class="invisible"/></tr></table><p class="totop"><a href="#summary">back to summary</a></p>
</body>
</html>
