<?xml version="1.0" encoding="UTF-8"?>
<testng-results ignored="0" total="10" passed="4" failed="1" skipped="5">
  <reporter-output>
  </reporter-output>
  <suite started-at="2022-03-04T19:20:16 IST" name="Suite" finished-at="2022-03-04T19:22:51 IST" duration-ms="154720">
    <groups>
    </groups>
    <test started-at="2022-03-04T19:20:16 IST" name="ChromeTest" finished-at="2022-03-04T19:21:04 IST" duration-ms="48581">
      <class name="testClasses.VerifyAllTabsComesUnderBankManager">
        <test-method is-config="true" signature="lauchBrowser(java.lang.String)[pri:0, instance:testClasses.VerifyAllTabsComesUnderBankManager@78123e82]" started-at="2022-03-04T19:20:16 IST" name="lauchBrowser" finished-at="2022-03-04T19:21:04 IST" duration-ms="47989" status="FAIL">
          <params>
            <param index="0">
              <value>
                <![CDATA[Chrome]]>
              </value>
            </param>
          </params>
          <exception class="org.openqa.selenium.SessionNotCreatedException">
            <message>
              <![CDATA[session not created: This version of ChromeDriver only supports Chrome version 97
Current browser version is 99.0.4844.51 with binary path C:\Program Files\Google\Chrome\Application\chrome.exe
Build info: version: '3.141.59', revision: 'e82be7d358', time: '2018-11-14T08:17:03'
System info: host: 'DESKTOP-9NBI2B1', ip: '192.168.0.144', os.name: 'Windows 10', os.arch: 'amd64', os.version: '10.0', java.version: '17.0.1'
Driver info: driver.version: ChromeDriver
remote stacktrace: Backtrace:
Ordinal0 [0x00CCFDC3+2555331]
Ordinal0 [0x00C677F1+2127857]
Ordinal0 [0x00B62E08+1060360]
Ordinal0 [0x00B819CA+1186250]
Ordinal0 [0x00B7D825+1169445]
Ordinal0 [0x00B7AFC1+1159105]
Ordinal0 [0x00BAC22F+1360431]
Ordinal0 [0x00BABE9A+1359514]
Ordinal0 [0x00BA7976+1341814]
Ordinal0 [0x00B836B6+1193654]
Ordinal0 [0x00B84546+1197382]
GetHandleVerifier [0x00E69622+1619522]
GetHandleVerifier [0x00F1882C+2336844]
GetHandleVerifier [0x00D623E1+541697]
GetHandleVerifier [0x00D61443+537699]
Ordinal0 [0x00C6D18E+2150798]
Ordinal0 [0x00C71518+2168088]
Ordinal0 [0x00C71660+2168416]
Ordinal0 [0x00C7B330+2208560]
BaseThreadInitThunk [0x776BFA29+25]
RtlGetAppContainerNamedObjectPath [0x77867A9E+286]
RtlGetAppContainerNamedObjectPath [0x77867A6E+238]
]]>
            </message>
            <full-stacktrace>
              <![CDATA[org.openqa.selenium.SessionNotCreatedException: session not created: This version of ChromeDriver only supports Chrome version 97
Current browser version is 99.0.4844.51 with binary path C:\Program Files\Google\Chrome\Application\chrome.exe
Build info: version: '3.141.59', revision: 'e82be7d358', time: '2018-11-14T08:17:03'
System info: host: 'DESKTOP-9NBI2B1', ip: '192.168.0.144', os.name: 'Windows 10', os.arch: 'amd64', os.version: '10.0', java.version: '17.0.1'
Driver info: driver.version: ChromeDriver
remote stacktrace: Backtrace:
Ordinal0 [0x00CCFDC3+2555331]
Ordinal0 [0x00C677F1+2127857]
Ordinal0 [0x00B62E08+1060360]
Ordinal0 [0x00B819CA+1186250]
Ordinal0 [0x00B7D825+1169445]
Ordinal0 [0x00B7AFC1+1159105]
Ordinal0 [0x00BAC22F+1360431]
Ordinal0 [0x00BABE9A+1359514]
Ordinal0 [0x00BA7976+1341814]
Ordinal0 [0x00B836B6+1193654]
Ordinal0 [0x00B84546+1197382]
GetHandleVerifier [0x00E69622+1619522]
GetHandleVerifier [0x00F1882C+2336844]
GetHandleVerifier [0x00D623E1+541697]
GetHandleVerifier [0x00D61443+537699]
Ordinal0 [0x00C6D18E+2150798]
Ordinal0 [0x00C71518+2168088]
Ordinal0 [0x00C71660+2168416]
Ordinal0 [0x00C7B330+2208560]
BaseThreadInitThunk [0x776BFA29+25]
RtlGetAppContainerNamedObjectPath [0x77867A9E+286]
RtlGetAppContainerNamedObjectPath [0x77867A6E+238]

at java.base/jdk.internal.reflect.NativeConstructorAccessorImpl.newInstance0(Native Method)
at java.base/jdk.internal.reflect.NativeConstructorAccessorImpl.newInstance(NativeConstructorAccessorImpl.java:77)
at java.base/jdk.internal.reflect.DelegatingConstructorAccessorImpl.newInstance(DelegatingConstructorAccessorImpl.java:45)
at java.base/java.lang.reflect.Constructor.newInstanceWithCaller(Constructor.java:499)
at java.base/java.lang.reflect.Constructor.newInstance(Constructor.java:480)
at org.openqa.selenium.remote.W3CHandshakeResponse.lambda$errorHandler$0(W3CHandshakeResponse.java:62)
at org.openqa.selenium.remote.HandshakeResponse.lambda$getResponseFunction$0(HandshakeResponse.java:30)
at org.openqa.selenium.remote.ProtocolHandshake.lambda$createSession$0(ProtocolHandshake.java:126)
at java.base/java.util.stream.ReferencePipeline$3$1.accept(ReferencePipeline.java:197)
at java.base/java.util.Spliterators$ArraySpliterator.tryAdvance(Spliterators.java:1002)
at java.base/java.util.stream.ReferencePipeline.forEachWithCancel(ReferencePipeline.java:129)
at java.base/java.util.stream.AbstractPipeline.copyIntoWithCancel(AbstractPipeline.java:527)
at java.base/java.util.stream.AbstractPipeline.copyInto(AbstractPipeline.java:513)
at java.base/java.util.stream.AbstractPipeline.wrapAndCopyInto(AbstractPipeline.java:499)
at java.base/java.util.stream.FindOps$FindOp.evaluateSequential(FindOps.java:150)
at java.base/java.util.stream.AbstractPipeline.evaluate(AbstractPipeline.java:234)
at java.base/java.util.stream.ReferencePipeline.findFirst(ReferencePipeline.java:647)
at org.openqa.selenium.remote.ProtocolHandshake.createSession(ProtocolHandshake.java:128)
at org.openqa.selenium.remote.ProtocolHandshake.createSession(ProtocolHandshake.java:74)
at org.openqa.selenium.remote.HttpCommandExecutor.execute(HttpCommandExecutor.java:136)
at org.openqa.selenium.remote.service.DriverCommandExecutor.execute(DriverCommandExecutor.java:83)
at org.openqa.selenium.remote.RemoteWebDriver.execute(RemoteWebDriver.java:552)
at org.openqa.selenium.remote.RemoteWebDriver.startSession(RemoteWebDriver.java:213)
at org.openqa.selenium.remote.RemoteWebDriver.<init>(RemoteWebDriver.java:131)
at org.openqa.selenium.chrome.ChromeDriver.<init>(ChromeDriver.java:181)
at org.openqa.selenium.chrome.ChromeDriver.<init>(ChromeDriver.java:168)
at org.openqa.selenium.chrome.ChromeDriver.<init>(ChromeDriver.java:123)
at base.Browser.launchTheChromeBrowser(Browser.java:12)
at testClasses.VerifyAllTabsComesUnderBankManager.lauchBrowser(VerifyAllTabsComesUnderBankManager.java:40)
at java.base/jdk.internal.reflect.NativeMethodAccessorImpl.invoke0(Native Method)
at java.base/jdk.internal.reflect.NativeMethodAccessorImpl.invoke(NativeMethodAccessorImpl.java:77)
at java.base/jdk.internal.reflect.DelegatingMethodAccessorImpl.invoke(DelegatingMethodAccessorImpl.java:43)
at java.base/java.lang.reflect.Method.invoke(Method.java:568)
at org.testng.internal.MethodInvocationHelper.invokeMethod(MethodInvocationHelper.java:133)
at org.testng.internal.MethodInvocationHelper.invokeMethodConsideringTimeout(MethodInvocationHelper.java:62)
at org.testng.internal.ConfigInvoker.invokeConfigurationMethod(ConfigInvoker.java:385)
at org.testng.internal.ConfigInvoker.invokeConfigurations(ConfigInvoker.java:321)
at org.testng.TestRunner.invokeTestConfigurations(TestRunner.java:637)
at org.testng.TestRunner.beforeRun(TestRunner.java:627)
at org.testng.TestRunner.run(TestRunner.java:589)
at org.testng.SuiteRunner.runTest(SuiteRunner.java:377)
at org.testng.SuiteRunner.runSequentially(SuiteRunner.java:371)
at org.testng.SuiteRunner.privateRun(SuiteRunner.java:332)
at org.testng.SuiteRunner.run(SuiteRunner.java:276)
at org.testng.SuiteRunnerWorker.runSuite(SuiteRunnerWorker.java:53)
at org.testng.SuiteRunnerWorker.run(SuiteRunnerWorker.java:96)
at org.testng.TestNG.runSuitesSequentially(TestNG.java:1212)
at org.testng.TestNG.runSuitesLocally(TestNG.java:1134)
at org.testng.TestNG.runSuites(TestNG.java:1063)
at org.testng.TestNG.run(TestNG.java:1031)
at org.testng.remote.AbstractRemoteTestNG.run(AbstractRemoteTestNG.java:115)
at org.testng.remote.RemoteTestNG.initAndRun(RemoteTestNG.java:251)
at org.testng.remote.RemoteTestNG.main(RemoteTestNG.java:77)
]]>
            </full-stacktrace>
          </exception> <!-- org.openqa.selenium.SessionNotCreatedException -->
          <reporter-output>
          </reporter-output>
        </test-method> <!-- lauchBrowser -->
        <test-method is-config="true" signature="createObjectsOfPOMClasses()[pri:0, instance:testClasses.VerifyAllTabsComesUnderBankManager@78123e82]" started-at="2022-03-04T19:21:04 IST" name="createObjectsOfPOMClasses" finished-at="1970-01-01T05:30:00 IST" duration-ms="-1646401864590" status="SKIP">
          <reporter-output>
          </reporter-output>
        </test-method> <!-- createObjectsOfPOMClasses -->
        <test-method is-config="true" signature="lauchTheApplication()[pri:0, instance:testClasses.VerifyAllTabsComesUnderBankManager@78123e82]" started-at="2022-03-04T19:21:04 IST" name="lauchTheApplication" finished-at="1970-01-01T05:30:00 IST" duration-ms="-1646401864613" status="SKIP">
          <reporter-output>
          </reporter-output>
        </test-method> <!-- lauchTheApplication -->
        <test-method signature="verifyAddCustomerTab()[pri:1, instance:testClasses.VerifyAllTabsComesUnderBankManager@78123e82]" started-at="2022-03-04T19:21:04 IST" name="verifyAddCustomerTab" finished-at="2022-03-04T19:21:04 IST" duration-ms="0" status="SKIP">
          <exception class="org.openqa.selenium.SessionNotCreatedException">
            <message>
              <![CDATA[session not created: This version of ChromeDriver only supports Chrome version 97
Current browser version is 99.0.4844.51 with binary path C:\Program Files\Google\Chrome\Application\chrome.exe
Build info: version: '3.141.59', revision: 'e82be7d358', time: '2018-11-14T08:17:03'
System info: host: 'DESKTOP-9NBI2B1', ip: '192.168.0.144', os.name: 'Windows 10', os.arch: 'amd64', os.version: '10.0', java.version: '17.0.1'
Driver info: driver.version: ChromeDriver
remote stacktrace: Backtrace:
Ordinal0 [0x00CCFDC3+2555331]
Ordinal0 [0x00C677F1+2127857]
Ordinal0 [0x00B62E08+1060360]
Ordinal0 [0x00B819CA+1186250]
Ordinal0 [0x00B7D825+1169445]
Ordinal0 [0x00B7AFC1+1159105]
Ordinal0 [0x00BAC22F+1360431]
Ordinal0 [0x00BABE9A+1359514]
Ordinal0 [0x00BA7976+1341814]
Ordinal0 [0x00B836B6+1193654]
Ordinal0 [0x00B84546+1197382]
GetHandleVerifier [0x00E69622+1619522]
GetHandleVerifier [0x00F1882C+2336844]
GetHandleVerifier [0x00D623E1+541697]
GetHandleVerifier [0x00D61443+537699]
Ordinal0 [0x00C6D18E+2150798]
Ordinal0 [0x00C71518+2168088]
Ordinal0 [0x00C71660+2168416]
Ordinal0 [0x00C7B330+2208560]
BaseThreadInitThunk [0x776BFA29+25]
RtlGetAppContainerNamedObjectPath [0x77867A9E+286]
RtlGetAppContainerNamedObjectPath [0x77867A6E+238]
]]>
            </message>
            <full-stacktrace>
              <![CDATA[org.openqa.selenium.SessionNotCreatedException: session not created: This version of ChromeDriver only supports Chrome version 97
Current browser version is 99.0.4844.51 with binary path C:\Program Files\Google\Chrome\Application\chrome.exe
Build info: version: '3.141.59', revision: 'e82be7d358', time: '2018-11-14T08:17:03'
System info: host: 'DESKTOP-9NBI2B1', ip: '192.168.0.144', os.name: 'Windows 10', os.arch: 'amd64', os.version: '10.0', java.version: '17.0.1'
Driver info: driver.version: ChromeDriver
remote stacktrace: Backtrace:
Ordinal0 [0x00CCFDC3+2555331]
Ordinal0 [0x00C677F1+2127857]
Ordinal0 [0x00B62E08+1060360]
Ordinal0 [0x00B819CA+1186250]
Ordinal0 [0x00B7D825+1169445]
Ordinal0 [0x00B7AFC1+1159105]
Ordinal0 [0x00BAC22F+1360431]
Ordinal0 [0x00BABE9A+1359514]
Ordinal0 [0x00BA7976+1341814]
Ordinal0 [0x00B836B6+1193654]
Ordinal0 [0x00B84546+1197382]
GetHandleVerifier [0x00E69622+1619522]
GetHandleVerifier [0x00F1882C+2336844]
GetHandleVerifier [0x00D623E1+541697]
GetHandleVerifier [0x00D61443+537699]
Ordinal0 [0x00C6D18E+2150798]
Ordinal0 [0x00C71518+2168088]
Ordinal0 [0x00C71660+2168416]
Ordinal0 [0x00C7B330+2208560]
BaseThreadInitThunk [0x776BFA29+25]
RtlGetAppContainerNamedObjectPath [0x77867A9E+286]
RtlGetAppContainerNamedObjectPath [0x77867A6E+238]

at java.base/jdk.internal.reflect.NativeConstructorAccessorImpl.newInstance0(Native Method)
at java.base/jdk.internal.reflect.NativeConstructorAccessorImpl.newInstance(NativeConstructorAccessorImpl.java:77)
at java.base/jdk.internal.reflect.DelegatingConstructorAccessorImpl.newInstance(DelegatingConstructorAccessorImpl.java:45)
at java.base/java.lang.reflect.Constructor.newInstanceWithCaller(Constructor.java:499)
at java.base/java.lang.reflect.Constructor.newInstance(Constructor.java:480)
at org.openqa.selenium.remote.W3CHandshakeResponse.lambda$errorHandler$0(W3CHandshakeResponse.java:62)
at org.openqa.selenium.remote.HandshakeResponse.lambda$getResponseFunction$0(HandshakeResponse.java:30)
at org.openqa.selenium.remote.ProtocolHandshake.lambda$createSession$0(ProtocolHandshake.java:126)
at java.base/java.util.stream.ReferencePipeline$3$1.accept(ReferencePipeline.java:197)
at java.base/java.util.Spliterators$ArraySpliterator.tryAdvance(Spliterators.java:1002)
at java.base/java.util.stream.ReferencePipeline.forEachWithCancel(ReferencePipeline.java:129)
at java.base/java.util.stream.AbstractPipeline.copyIntoWithCancel(AbstractPipeline.java:527)
at java.base/java.util.stream.AbstractPipeline.copyInto(AbstractPipeline.java:513)
at java.base/java.util.stream.AbstractPipeline.wrapAndCopyInto(AbstractPipeline.java:499)
at java.base/java.util.stream.FindOps$FindOp.evaluateSequential(FindOps.java:150)
at java.base/java.util.stream.AbstractPipeline.evaluate(AbstractPipeline.java:234)
at java.base/java.util.stream.ReferencePipeline.findFirst(ReferencePipeline.java:647)
at org.openqa.selenium.remote.ProtocolHandshake.createSession(ProtocolHandshake.java:128)
at org.openqa.selenium.remote.ProtocolHandshake.createSession(ProtocolHandshake.java:74)
at org.openqa.selenium.remote.HttpCommandExecutor.execute(HttpCommandExecutor.java:136)
at org.openqa.selenium.remote.service.DriverCommandExecutor.execute(DriverCommandExecutor.java:83)
at org.openqa.selenium.remote.RemoteWebDriver.execute(RemoteWebDriver.java:552)
at org.openqa.selenium.remote.RemoteWebDriver.startSession(RemoteWebDriver.java:213)
at org.openqa.selenium.remote.RemoteWebDriver.<init>(RemoteWebDriver.java:131)
at org.openqa.selenium.chrome.ChromeDriver.<init>(ChromeDriver.java:181)
at org.openqa.selenium.chrome.ChromeDriver.<init>(ChromeDriver.java:168)
at org.openqa.selenium.chrome.ChromeDriver.<init>(ChromeDriver.java:123)
at base.Browser.launchTheChromeBrowser(Browser.java:12)
at testClasses.VerifyAllTabsComesUnderBankManager.lauchBrowser(VerifyAllTabsComesUnderBankManager.java:40)
at java.base/jdk.internal.reflect.NativeMethodAccessorImpl.invoke0(Native Method)
at java.base/jdk.internal.reflect.NativeMethodAccessorImpl.invoke(NativeMethodAccessorImpl.java:77)
at java.base/jdk.internal.reflect.DelegatingMethodAccessorImpl.invoke(DelegatingMethodAccessorImpl.java:43)
at java.base/java.lang.reflect.Method.invoke(Method.java:568)
at org.testng.internal.MethodInvocationHelper.invokeMethod(MethodInvocationHelper.java:133)
at org.testng.internal.MethodInvocationHelper.invokeMethodConsideringTimeout(MethodInvocationHelper.java:62)
at org.testng.internal.ConfigInvoker.invokeConfigurationMethod(ConfigInvoker.java:385)
at org.testng.internal.ConfigInvoker.invokeConfigurations(ConfigInvoker.java:321)
at org.testng.TestRunner.invokeTestConfigurations(TestRunner.java:637)
at org.testng.TestRunner.beforeRun(TestRunner.java:627)
at org.testng.TestRunner.run(TestRunner.java:589)
at org.testng.SuiteRunner.runTest(SuiteRunner.java:377)
at org.testng.SuiteRunner.runSequentially(SuiteRunner.java:371)
at org.testng.SuiteRunner.privateRun(SuiteRunner.java:332)
at org.testng.SuiteRunner.run(SuiteRunner.java:276)
at org.testng.SuiteRunnerWorker.runSuite(SuiteRunnerWorker.java:53)
at org.testng.SuiteRunnerWorker.run(SuiteRunnerWorker.java:96)
at org.testng.TestNG.runSuitesSequentially(TestNG.java:1212)
at org.testng.TestNG.runSuitesLocally(TestNG.java:1134)
at org.testng.TestNG.runSuites(TestNG.java:1063)
at org.testng.TestNG.run(TestNG.java:1031)
at org.testng.remote.AbstractRemoteTestNG.run(AbstractRemoteTestNG.java:115)
at org.testng.remote.RemoteTestNG.initAndRun(RemoteTestNG.java:251)
at org.testng.remote.RemoteTestNG.main(RemoteTestNG.java:77)
]]>
            </full-stacktrace>
          </exception> <!-- org.openqa.selenium.SessionNotCreatedException -->
          <reporter-output>
          </reporter-output>
        </test-method> <!-- verifyAddCustomerTab -->
        <test-method is-config="true" signature="gotoHomePage()[pri:0, instance:testClasses.VerifyAllTabsComesUnderBankManager@78123e82]" started-at="2022-03-04T19:21:04 IST" name="gotoHomePage" finished-at="1970-01-01T05:30:00 IST" duration-ms="-1646401864644" status="SKIP">
          <reporter-output>
          </reporter-output>
        </test-method> <!-- gotoHomePage -->
        <test-method is-config="true" signature="lauchTheApplication()[pri:0, instance:testClasses.VerifyAllTabsComesUnderBankManager@78123e82]" started-at="2022-03-04T19:21:04 IST" name="lauchTheApplication" finished-at="1970-01-01T05:30:00 IST" duration-ms="-1646401864648" status="SKIP">
          <reporter-output>
          </reporter-output>
        </test-method> <!-- lauchTheApplication -->
        <test-method signature="verifyOpenAccountTab()[pri:2, instance:testClasses.VerifyAllTabsComesUnderBankManager@78123e82]" started-at="2022-03-04T19:21:04 IST" name="verifyOpenAccountTab" finished-at="2022-03-04T19:21:04 IST" duration-ms="0" status="SKIP">
          <exception class="org.openqa.selenium.SessionNotCreatedException">
            <message>
              <![CDATA[session not created: This version of ChromeDriver only supports Chrome version 97
Current browser version is 99.0.4844.51 with binary path C:\Program Files\Google\Chrome\Application\chrome.exe
Build info: version: '3.141.59', revision: 'e82be7d358', time: '2018-11-14T08:17:03'
System info: host: 'DESKTOP-9NBI2B1', ip: '192.168.0.144', os.name: 'Windows 10', os.arch: 'amd64', os.version: '10.0', java.version: '17.0.1'
Driver info: driver.version: ChromeDriver
remote stacktrace: Backtrace:
Ordinal0 [0x00CCFDC3+2555331]
Ordinal0 [0x00C677F1+2127857]
Ordinal0 [0x00B62E08+1060360]
Ordinal0 [0x00B819CA+1186250]
Ordinal0 [0x00B7D825+1169445]
Ordinal0 [0x00B7AFC1+1159105]
Ordinal0 [0x00BAC22F+1360431]
Ordinal0 [0x00BABE9A+1359514]
Ordinal0 [0x00BA7976+1341814]
Ordinal0 [0x00B836B6+1193654]
Ordinal0 [0x00B84546+1197382]
GetHandleVerifier [0x00E69622+1619522]
GetHandleVerifier [0x00F1882C+2336844]
GetHandleVerifier [0x00D623E1+541697]
GetHandleVerifier [0x00D61443+537699]
Ordinal0 [0x00C6D18E+2150798]
Ordinal0 [0x00C71518+2168088]
Ordinal0 [0x00C71660+2168416]
Ordinal0 [0x00C7B330+2208560]
BaseThreadInitThunk [0x776BFA29+25]
RtlGetAppContainerNamedObjectPath [0x77867A9E+286]
RtlGetAppContainerNamedObjectPath [0x77867A6E+238]
]]>
            </message>
            <full-stacktrace>
              <![CDATA[org.openqa.selenium.SessionNotCreatedException: session not created: This version of ChromeDriver only supports Chrome version 97
Current browser version is 99.0.4844.51 with binary path C:\Program Files\Google\Chrome\Application\chrome.exe
Build info: version: '3.141.59', revision: 'e82be7d358', time: '2018-11-14T08:17:03'
System info: host: 'DESKTOP-9NBI2B1', ip: '192.168.0.144', os.name: 'Windows 10', os.arch: 'amd64', os.version: '10.0', java.version: '17.0.1'
Driver info: driver.version: ChromeDriver
remote stacktrace: Backtrace:
Ordinal0 [0x00CCFDC3+2555331]
Ordinal0 [0x00C677F1+2127857]
Ordinal0 [0x00B62E08+1060360]
Ordinal0 [0x00B819CA+1186250]
Ordinal0 [0x00B7D825+1169445]
Ordinal0 [0x00B7AFC1+1159105]
Ordinal0 [0x00BAC22F+1360431]
Ordinal0 [0x00BABE9A+1359514]
Ordinal0 [0x00BA7976+1341814]
Ordinal0 [0x00B836B6+1193654]
Ordinal0 [0x00B84546+1197382]
GetHandleVerifier [0x00E69622+1619522]
GetHandleVerifier [0x00F1882C+2336844]
GetHandleVerifier [0x00D623E1+541697]
GetHandleVerifier [0x00D61443+537699]
Ordinal0 [0x00C6D18E+2150798]
Ordinal0 [0x00C71518+2168088]
Ordinal0 [0x00C71660+2168416]
Ordinal0 [0x00C7B330+2208560]
BaseThreadInitThunk [0x776BFA29+25]
RtlGetAppContainerNamedObjectPath [0x77867A9E+286]
RtlGetAppContainerNamedObjectPath [0x77867A6E+238]

at java.base/jdk.internal.reflect.NativeConstructorAccessorImpl.newInstance0(Native Method)
at java.base/jdk.internal.reflect.NativeConstructorAccessorImpl.newInstance(NativeConstructorAccessorImpl.java:77)
at java.base/jdk.internal.reflect.DelegatingConstructorAccessorImpl.newInstance(DelegatingConstructorAccessorImpl.java:45)
at java.base/java.lang.reflect.Constructor.newInstanceWithCaller(Constructor.java:499)
at java.base/java.lang.reflect.Constructor.newInstance(Constructor.java:480)
at org.openqa.selenium.remote.W3CHandshakeResponse.lambda$errorHandler$0(W3CHandshakeResponse.java:62)
at org.openqa.selenium.remote.HandshakeResponse.lambda$getResponseFunction$0(HandshakeResponse.java:30)
at org.openqa.selenium.remote.ProtocolHandshake.lambda$createSession$0(ProtocolHandshake.java:126)
at java.base/java.util.stream.ReferencePipeline$3$1.accept(ReferencePipeline.java:197)
at java.base/java.util.Spliterators$ArraySpliterator.tryAdvance(Spliterators.java:1002)
at java.base/java.util.stream.ReferencePipeline.forEachWithCancel(ReferencePipeline.java:129)
at java.base/java.util.stream.AbstractPipeline.copyIntoWithCancel(AbstractPipeline.java:527)
at java.base/java.util.stream.AbstractPipeline.copyInto(AbstractPipeline.java:513)
at java.base/java.util.stream.AbstractPipeline.wrapAndCopyInto(AbstractPipeline.java:499)
at java.base/java.util.stream.FindOps$FindOp.evaluateSequential(FindOps.java:150)
at java.base/java.util.stream.AbstractPipeline.evaluate(AbstractPipeline.java:234)
at java.base/java.util.stream.ReferencePipeline.findFirst(ReferencePipeline.java:647)
at org.openqa.selenium.remote.ProtocolHandshake.createSession(ProtocolHandshake.java:128)
at org.openqa.selenium.remote.ProtocolHandshake.createSession(ProtocolHandshake.java:74)
at org.openqa.selenium.remote.HttpCommandExecutor.execute(HttpCommandExecutor.java:136)
at org.openqa.selenium.remote.service.DriverCommandExecutor.execute(DriverCommandExecutor.java:83)
at org.openqa.selenium.remote.RemoteWebDriver.execute(RemoteWebDriver.java:552)
at org.openqa.selenium.remote.RemoteWebDriver.startSession(RemoteWebDriver.java:213)
at org.openqa.selenium.remote.RemoteWebDriver.<init>(RemoteWebDriver.java:131)
at org.openqa.selenium.chrome.ChromeDriver.<init>(ChromeDriver.java:181)
at org.openqa.selenium.chrome.ChromeDriver.<init>(ChromeDriver.java:168)
at org.openqa.selenium.chrome.ChromeDriver.<init>(ChromeDriver.java:123)
at base.Browser.launchTheChromeBrowser(Browser.java:12)
at testClasses.VerifyAllTabsComesUnderBankManager.lauchBrowser(VerifyAllTabsComesUnderBankManager.java:40)
at java.base/jdk.internal.reflect.NativeMethodAccessorImpl.invoke0(Native Method)
at java.base/jdk.internal.reflect.NativeMethodAccessorImpl.invoke(NativeMethodAccessorImpl.java:77)
at java.base/jdk.internal.reflect.DelegatingMethodAccessorImpl.invoke(DelegatingMethodAccessorImpl.java:43)
at java.base/java.lang.reflect.Method.invoke(Method.java:568)
at org.testng.internal.MethodInvocationHelper.invokeMethod(MethodInvocationHelper.java:133)
at org.testng.internal.MethodInvocationHelper.invokeMethodConsideringTimeout(MethodInvocationHelper.java:62)
at org.testng.internal.ConfigInvoker.invokeConfigurationMethod(ConfigInvoker.java:385)
at org.testng.internal.ConfigInvoker.invokeConfigurations(ConfigInvoker.java:321)
at org.testng.TestRunner.invokeTestConfigurations(TestRunner.java:637)
at org.testng.TestRunner.beforeRun(TestRunner.java:627)
at org.testng.TestRunner.run(TestRunner.java:589)
at org.testng.SuiteRunner.runTest(SuiteRunner.java:377)
at org.testng.SuiteRunner.runSequentially(SuiteRunner.java:371)
at org.testng.SuiteRunner.privateRun(SuiteRunner.java:332)
at org.testng.SuiteRunner.run(SuiteRunner.java:276)
at org.testng.SuiteRunnerWorker.runSuite(SuiteRunnerWorker.java:53)
at org.testng.SuiteRunnerWorker.run(SuiteRunnerWorker.java:96)
at org.testng.TestNG.runSuitesSequentially(TestNG.java:1212)
at org.testng.TestNG.runSuitesLocally(TestNG.java:1134)
at org.testng.TestNG.runSuites(TestNG.java:1063)
at org.testng.TestNG.run(TestNG.java:1031)
at org.testng.remote.AbstractRemoteTestNG.run(AbstractRemoteTestNG.java:115)
at org.testng.remote.RemoteTestNG.initAndRun(RemoteTestNG.java:251)
at org.testng.remote.RemoteTestNG.main(RemoteTestNG.java:77)
]]>
            </full-stacktrace>
          </exception> <!-- org.openqa.selenium.SessionNotCreatedException -->
          <reporter-output>
          </reporter-output>
        </test-method> <!-- verifyOpenAccountTab -->
        <test-method is-config="true" signature="gotoHomePage()[pri:0, instance:testClasses.VerifyAllTabsComesUnderBankManager@78123e82]" started-at="2022-03-04T19:21:04 IST" name="gotoHomePage" finished-at="1970-01-01T05:30:00 IST" duration-ms="-1646401864667" status="SKIP">
          <reporter-output>
          </reporter-output>
        </test-method> <!-- gotoHomePage -->
        <test-method is-config="true" signature="lauchTheApplication()[pri:0, instance:testClasses.VerifyAllTabsComesUnderBankManager@78123e82]" started-at="2022-03-04T19:21:04 IST" name="lauchTheApplication" finished-at="1970-01-01T05:30:00 IST" duration-ms="-1646401864689" status="SKIP">
          <reporter-output>
          </reporter-output>
        </test-method> <!-- lauchTheApplication -->
        <test-method signature="verifyCustomersTab()[pri:3, instance:testClasses.VerifyAllTabsComesUnderBankManager@78123e82]" started-at="2022-03-04T19:21:04 IST" name="verifyCustomersTab" finished-at="2022-03-04T19:21:04 IST" duration-ms="1" status="SKIP">
          <exception class="org.openqa.selenium.SessionNotCreatedException">
            <message>
              <![CDATA[session not created: This version of ChromeDriver only supports Chrome version 97
Current browser version is 99.0.4844.51 with binary path C:\Program Files\Google\Chrome\Application\chrome.exe
Build info: version: '3.141.59', revision: 'e82be7d358', time: '2018-11-14T08:17:03'
System info: host: 'DESKTOP-9NBI2B1', ip: '192.168.0.144', os.name: 'Windows 10', os.arch: 'amd64', os.version: '10.0', java.version: '17.0.1'
Driver info: driver.version: ChromeDriver
remote stacktrace: Backtrace:
Ordinal0 [0x00CCFDC3+2555331]
Ordinal0 [0x00C677F1+2127857]
Ordinal0 [0x00B62E08+1060360]
Ordinal0 [0x00B819CA+1186250]
Ordinal0 [0x00B7D825+1169445]
Ordinal0 [0x00B7AFC1+1159105]
Ordinal0 [0x00BAC22F+1360431]
Ordinal0 [0x00BABE9A+1359514]
Ordinal0 [0x00BA7976+1341814]
Ordinal0 [0x00B836B6+1193654]
Ordinal0 [0x00B84546+1197382]
GetHandleVerifier [0x00E69622+1619522]
GetHandleVerifier [0x00F1882C+2336844]
GetHandleVerifier [0x00D623E1+541697]
GetHandleVerifier [0x00D61443+537699]
Ordinal0 [0x00C6D18E+2150798]
Ordinal0 [0x00C71518+2168088]
Ordinal0 [0x00C71660+2168416]
Ordinal0 [0x00C7B330+2208560]
BaseThreadInitThunk [0x776BFA29+25]
RtlGetAppContainerNamedObjectPath [0x77867A9E+286]
RtlGetAppContainerNamedObjectPath [0x77867A6E+238]
]]>
            </message>
            <full-stacktrace>
              <![CDATA[org.openqa.selenium.SessionNotCreatedException: session not created: This version of ChromeDriver only supports Chrome version 97
Current browser version is 99.0.4844.51 with binary path C:\Program Files\Google\Chrome\Application\chrome.exe
Build info: version: '3.141.59', revision: 'e82be7d358', time: '2018-11-14T08:17:03'
System info: host: 'DESKTOP-9NBI2B1', ip: '192.168.0.144', os.name: 'Windows 10', os.arch: 'amd64', os.version: '10.0', java.version: '17.0.1'
Driver info: driver.version: ChromeDriver
remote stacktrace: Backtrace:
Ordinal0 [0x00CCFDC3+2555331]
Ordinal0 [0x00C677F1+2127857]
Ordinal0 [0x00B62E08+1060360]
Ordinal0 [0x00B819CA+1186250]
Ordinal0 [0x00B7D825+1169445]
Ordinal0 [0x00B7AFC1+1159105]
Ordinal0 [0x00BAC22F+1360431]
Ordinal0 [0x00BABE9A+1359514]
Ordinal0 [0x00BA7976+1341814]
Ordinal0 [0x00B836B6+1193654]
Ordinal0 [0x00B84546+1197382]
GetHandleVerifier [0x00E69622+1619522]
GetHandleVerifier [0x00F1882C+2336844]
GetHandleVerifier [0x00D623E1+541697]
GetHandleVerifier [0x00D61443+537699]
Ordinal0 [0x00C6D18E+2150798]
Ordinal0 [0x00C71518+2168088]
Ordinal0 [0x00C71660+2168416]
Ordinal0 [0x00C7B330+2208560]
BaseThreadInitThunk [0x776BFA29+25]
RtlGetAppContainerNamedObjectPath [0x77867A9E+286]
RtlGetAppContainerNamedObjectPath [0x77867A6E+238]

at java.base/jdk.internal.reflect.NativeConstructorAccessorImpl.newInstance0(Native Method)
at java.base/jdk.internal.reflect.NativeConstructorAccessorImpl.newInstance(NativeConstructorAccessorImpl.java:77)
at java.base/jdk.internal.reflect.DelegatingConstructorAccessorImpl.newInstance(DelegatingConstructorAccessorImpl.java:45)
at java.base/java.lang.reflect.Constructor.newInstanceWithCaller(Constructor.java:499)
at java.base/java.lang.reflect.Constructor.newInstance(Constructor.java:480)
at org.openqa.selenium.remote.W3CHandshakeResponse.lambda$errorHandler$0(W3CHandshakeResponse.java:62)
at org.openqa.selenium.remote.HandshakeResponse.lambda$getResponseFunction$0(HandshakeResponse.java:30)
at org.openqa.selenium.remote.ProtocolHandshake.lambda$createSession$0(ProtocolHandshake.java:126)
at java.base/java.util.stream.ReferencePipeline$3$1.accept(ReferencePipeline.java:197)
at java.base/java.util.Spliterators$ArraySpliterator.tryAdvance(Spliterators.java:1002)
at java.base/java.util.stream.ReferencePipeline.forEachWithCancel(ReferencePipeline.java:129)
at java.base/java.util.stream.AbstractPipeline.copyIntoWithCancel(AbstractPipeline.java:527)
at java.base/java.util.stream.AbstractPipeline.copyInto(AbstractPipeline.java:513)
at java.base/java.util.stream.AbstractPipeline.wrapAndCopyInto(AbstractPipeline.java:499)
at java.base/java.util.stream.FindOps$FindOp.evaluateSequential(FindOps.java:150)
at java.base/java.util.stream.AbstractPipeline.evaluate(AbstractPipeline.java:234)
at java.base/java.util.stream.ReferencePipeline.findFirst(ReferencePipeline.java:647)
at org.openqa.selenium.remote.ProtocolHandshake.createSession(ProtocolHandshake.java:128)
at org.openqa.selenium.remote.ProtocolHandshake.createSession(ProtocolHandshake.java:74)
at org.openqa.selenium.remote.HttpCommandExecutor.execute(HttpCommandExecutor.java:136)
at org.openqa.selenium.remote.service.DriverCommandExecutor.execute(DriverCommandExecutor.java:83)
at org.openqa.selenium.remote.RemoteWebDriver.execute(RemoteWebDriver.java:552)
at org.openqa.selenium.remote.RemoteWebDriver.startSession(RemoteWebDriver.java:213)
at org.openqa.selenium.remote.RemoteWebDriver.<init>(RemoteWebDriver.java:131)
at org.openqa.selenium.chrome.ChromeDriver.<init>(ChromeDriver.java:181)
at org.openqa.selenium.chrome.ChromeDriver.<init>(ChromeDriver.java:168)
at org.openqa.selenium.chrome.ChromeDriver.<init>(ChromeDriver.java:123)
at base.Browser.launchTheChromeBrowser(Browser.java:12)
at testClasses.VerifyAllTabsComesUnderBankManager.lauchBrowser(VerifyAllTabsComesUnderBankManager.java:40)
at java.base/jdk.internal.reflect.NativeMethodAccessorImpl.invoke0(Native Method)
at java.base/jdk.internal.reflect.NativeMethodAccessorImpl.invoke(NativeMethodAccessorImpl.java:77)
at java.base/jdk.internal.reflect.DelegatingMethodAccessorImpl.invoke(DelegatingMethodAccessorImpl.java:43)
at java.base/java.lang.reflect.Method.invoke(Method.java:568)
at org.testng.internal.MethodInvocationHelper.invokeMethod(MethodInvocationHelper.java:133)
at org.testng.internal.MethodInvocationHelper.invokeMethodConsideringTimeout(MethodInvocationHelper.java:62)
at org.testng.internal.ConfigInvoker.invokeConfigurationMethod(ConfigInvoker.java:385)
at org.testng.internal.ConfigInvoker.invokeConfigurations(ConfigInvoker.java:321)
at org.testng.TestRunner.invokeTestConfigurations(TestRunner.java:637)
at org.testng.TestRunner.beforeRun(TestRunner.java:627)
at org.testng.TestRunner.run(TestRunner.java:589)
at org.testng.SuiteRunner.runTest(SuiteRunner.java:377)
at org.testng.SuiteRunner.runSequentially(SuiteRunner.java:371)
at org.testng.SuiteRunner.privateRun(SuiteRunner.java:332)
at org.testng.SuiteRunner.run(SuiteRunner.java:276)
at org.testng.SuiteRunnerWorker.runSuite(SuiteRunnerWorker.java:53)
at org.testng.SuiteRunnerWorker.run(SuiteRunnerWorker.java:96)
at org.testng.TestNG.runSuitesSequentially(TestNG.java:1212)
at org.testng.TestNG.runSuitesLocally(TestNG.java:1134)
at org.testng.TestNG.runSuites(TestNG.java:1063)
at org.testng.TestNG.run(TestNG.java:1031)
at org.testng.remote.AbstractRemoteTestNG.run(AbstractRemoteTestNG.java:115)
at org.testng.remote.RemoteTestNG.initAndRun(RemoteTestNG.java:251)
at org.testng.remote.RemoteTestNG.main(RemoteTestNG.java:77)
]]>
            </full-stacktrace>
          </exception> <!-- org.openqa.selenium.SessionNotCreatedException -->
          <reporter-output>
          </reporter-output>
        </test-method> <!-- verifyCustomersTab -->
        <test-method is-config="true" signature="gotoHomePage()[pri:0, instance:testClasses.VerifyAllTabsComesUnderBankManager@78123e82]" started-at="2022-03-04T19:21:04 IST" name="gotoHomePage" finished-at="1970-01-01T05:30:00 IST" duration-ms="-1646401864895" status="SKIP">
          <reporter-output>
          </reporter-output>
        </test-method> <!-- gotoHomePage -->
        <test-method is-config="true" signature="clearPOmObjects()[pri:0, instance:testClasses.VerifyAllTabsComesUnderBankManager@78123e82]" started-at="2022-03-04T19:21:04 IST" name="clearPOmObjects" finished-at="1970-01-01T05:30:00 IST" duration-ms="-1646401864913" status="SKIP">
          <reporter-output>
          </reporter-output>
        </test-method> <!-- clearPOmObjects -->
        <test-method is-config="true" signature="closeBrowser()[pri:0, instance:testClasses.VerifyAllTabsComesUnderBankManager@78123e82]" started-at="2022-03-04T19:21:04 IST" name="closeBrowser" finished-at="1970-01-01T05:30:00 IST" duration-ms="-1646401864917" status="SKIP">
          <reporter-output>
          </reporter-output>
        </test-method> <!-- closeBrowser -->
      </class> <!-- testClasses.VerifyAllTabsComesUnderBankManager -->
      <class name="testClasses.VerifyLoginTabs">
        <test-method is-config="true" signature="lauchBrowser(java.lang.String)[pri:0, instance:testClasses.VerifyLoginTabs@7e5afaa6]" started-at="2022-03-04T19:21:04 IST" name="lauchBrowser" finished-at="1970-01-01T05:30:00 IST" duration-ms="-1646401864382" status="SKIP">
          <reporter-output>
          </reporter-output>
        </test-method> <!-- lauchBrowser -->
        <test-method is-config="true" signature="CreateObjectsOfPOMClasses()[pri:0, instance:testClasses.VerifyLoginTabs@7e5afaa6]" started-at="2022-03-04T19:21:04 IST" name="CreateObjectsOfPOMClasses" finished-at="1970-01-01T05:30:00 IST" duration-ms="-1646401864584" status="SKIP">
          <reporter-output>
          </reporter-output>
        </test-method> <!-- CreateObjectsOfPOMClasses -->
        <test-method is-config="true" signature="lauchTheApplication()[pri:0, instance:testClasses.VerifyLoginTabs@7e5afaa6]" started-at="2022-03-04T19:21:04 IST" name="lauchTheApplication" finished-at="1970-01-01T05:30:00 IST" duration-ms="-1646401864731" status="SKIP">
          <reporter-output>
          </reporter-output>
        </test-method> <!-- lauchTheApplication -->
        <test-method signature="verifyBankManagerLoginButton()[pri:0, instance:testClasses.VerifyLoginTabs@7e5afaa6]" started-at="2022-03-04T19:21:04 IST" name="verifyBankManagerLoginButton" finished-at="2022-03-04T19:21:04 IST" duration-ms="0" status="SKIP">
          <exception class="org.openqa.selenium.SessionNotCreatedException">
            <message>
              <![CDATA[session not created: This version of ChromeDriver only supports Chrome version 97
Current browser version is 99.0.4844.51 with binary path C:\Program Files\Google\Chrome\Application\chrome.exe
Build info: version: '3.141.59', revision: 'e82be7d358', time: '2018-11-14T08:17:03'
System info: host: 'DESKTOP-9NBI2B1', ip: '192.168.0.144', os.name: 'Windows 10', os.arch: 'amd64', os.version: '10.0', java.version: '17.0.1'
Driver info: driver.version: ChromeDriver
remote stacktrace: Backtrace:
Ordinal0 [0x00CCFDC3+2555331]
Ordinal0 [0x00C677F1+2127857]
Ordinal0 [0x00B62E08+1060360]
Ordinal0 [0x00B819CA+1186250]
Ordinal0 [0x00B7D825+1169445]
Ordinal0 [0x00B7AFC1+1159105]
Ordinal0 [0x00BAC22F+1360431]
Ordinal0 [0x00BABE9A+1359514]
Ordinal0 [0x00BA7976+1341814]
Ordinal0 [0x00B836B6+1193654]
Ordinal0 [0x00B84546+1197382]
GetHandleVerifier [0x00E69622+1619522]
GetHandleVerifier [0x00F1882C+2336844]
GetHandleVerifier [0x00D623E1+541697]
GetHandleVerifier [0x00D61443+537699]
Ordinal0 [0x00C6D18E+2150798]
Ordinal0 [0x00C71518+2168088]
Ordinal0 [0x00C71660+2168416]
Ordinal0 [0x00C7B330+2208560]
BaseThreadInitThunk [0x776BFA29+25]
RtlGetAppContainerNamedObjectPath [0x77867A9E+286]
RtlGetAppContainerNamedObjectPath [0x77867A6E+238]
]]>
            </message>
            <full-stacktrace>
              <![CDATA[org.openqa.selenium.SessionNotCreatedException: session not created: This version of ChromeDriver only supports Chrome version 97
Current browser version is 99.0.4844.51 with binary path C:\Program Files\Google\Chrome\Application\chrome.exe
Build info: version: '3.141.59', revision: 'e82be7d358', time: '2018-11-14T08:17:03'
System info: host: 'DESKTOP-9NBI2B1', ip: '192.168.0.144', os.name: 'Windows 10', os.arch: 'amd64', os.version: '10.0', java.version: '17.0.1'
Driver info: driver.version: ChromeDriver
remote stacktrace: Backtrace:
Ordinal0 [0x00CCFDC3+2555331]
Ordinal0 [0x00C677F1+2127857]
Ordinal0 [0x00B62E08+1060360]
Ordinal0 [0x00B819CA+1186250]
Ordinal0 [0x00B7D825+1169445]
Ordinal0 [0x00B7AFC1+1159105]
Ordinal0 [0x00BAC22F+1360431]
Ordinal0 [0x00BABE9A+1359514]
Ordinal0 [0x00BA7976+1341814]
Ordinal0 [0x00B836B6+1193654]
Ordinal0 [0x00B84546+1197382]
GetHandleVerifier [0x00E69622+1619522]
GetHandleVerifier [0x00F1882C+2336844]
GetHandleVerifier [0x00D623E1+541697]
GetHandleVerifier [0x00D61443+537699]
Ordinal0 [0x00C6D18E+2150798]
Ordinal0 [0x00C71518+2168088]
Ordinal0 [0x00C71660+2168416]
Ordinal0 [0x00C7B330+2208560]
BaseThreadInitThunk [0x776BFA29+25]
RtlGetAppContainerNamedObjectPath [0x77867A9E+286]
RtlGetAppContainerNamedObjectPath [0x77867A6E+238]

at java.base/jdk.internal.reflect.NativeConstructorAccessorImpl.newInstance0(Native Method)
at java.base/jdk.internal.reflect.NativeConstructorAccessorImpl.newInstance(NativeConstructorAccessorImpl.java:77)
at java.base/jdk.internal.reflect.DelegatingConstructorAccessorImpl.newInstance(DelegatingConstructorAccessorImpl.java:45)
at java.base/java.lang.reflect.Constructor.newInstanceWithCaller(Constructor.java:499)
at java.base/java.lang.reflect.Constructor.newInstance(Constructor.java:480)
at org.openqa.selenium.remote.W3CHandshakeResponse.lambda$errorHandler$0(W3CHandshakeResponse.java:62)
at org.openqa.selenium.remote.HandshakeResponse.lambda$getResponseFunction$0(HandshakeResponse.java:30)
at org.openqa.selenium.remote.ProtocolHandshake.lambda$createSession$0(ProtocolHandshake.java:126)
at java.base/java.util.stream.ReferencePipeline$3$1.accept(ReferencePipeline.java:197)
at java.base/java.util.Spliterators$ArraySpliterator.tryAdvance(Spliterators.java:1002)
at java.base/java.util.stream.ReferencePipeline.forEachWithCancel(ReferencePipeline.java:129)
at java.base/java.util.stream.AbstractPipeline.copyIntoWithCancel(AbstractPipeline.java:527)
at java.base/java.util.stream.AbstractPipeline.copyInto(AbstractPipeline.java:513)
at java.base/java.util.stream.AbstractPipeline.wrapAndCopyInto(AbstractPipeline.java:499)
at java.base/java.util.stream.FindOps$FindOp.evaluateSequential(FindOps.java:150)
at java.base/java.util.stream.AbstractPipeline.evaluate(AbstractPipeline.java:234)
at java.base/java.util.stream.ReferencePipeline.findFirst(ReferencePipeline.java:647)
at org.openqa.selenium.remote.ProtocolHandshake.createSession(ProtocolHandshake.java:128)
at org.openqa.selenium.remote.ProtocolHandshake.createSession(ProtocolHandshake.java:74)
at org.openqa.selenium.remote.HttpCommandExecutor.execute(HttpCommandExecutor.java:136)
at org.openqa.selenium.remote.service.DriverCommandExecutor.execute(DriverCommandExecutor.java:83)
at org.openqa.selenium.remote.RemoteWebDriver.execute(RemoteWebDriver.java:552)
at org.openqa.selenium.remote.RemoteWebDriver.startSession(RemoteWebDriver.java:213)
at org.openqa.selenium.remote.RemoteWebDriver.<init>(RemoteWebDriver.java:131)
at org.openqa.selenium.chrome.ChromeDriver.<init>(ChromeDriver.java:181)
at org.openqa.selenium.chrome.ChromeDriver.<init>(ChromeDriver.java:168)
at org.openqa.selenium.chrome.ChromeDriver.<init>(ChromeDriver.java:123)
at base.Browser.launchTheChromeBrowser(Browser.java:12)
at testClasses.VerifyAllTabsComesUnderBankManager.lauchBrowser(VerifyAllTabsComesUnderBankManager.java:40)
at java.base/jdk.internal.reflect.NativeMethodAccessorImpl.invoke0(Native Method)
at java.base/jdk.internal.reflect.NativeMethodAccessorImpl.invoke(NativeMethodAccessorImpl.java:77)
at java.base/jdk.internal.reflect.DelegatingMethodAccessorImpl.invoke(DelegatingMethodAccessorImpl.java:43)
at java.base/java.lang.reflect.Method.invoke(Method.java:568)
at org.testng.internal.MethodInvocationHelper.invokeMethod(MethodInvocationHelper.java:133)
at org.testng.internal.MethodInvocationHelper.invokeMethodConsideringTimeout(MethodInvocationHelper.java:62)
at org.testng.internal.ConfigInvoker.invokeConfigurationMethod(ConfigInvoker.java:385)
at org.testng.internal.ConfigInvoker.invokeConfigurations(ConfigInvoker.java:321)
at org.testng.TestRunner.invokeTestConfigurations(TestRunner.java:637)
at org.testng.TestRunner.beforeRun(TestRunner.java:627)
at org.testng.TestRunner.run(TestRunner.java:589)
at org.testng.SuiteRunner.runTest(SuiteRunner.java:377)
at org.testng.SuiteRunner.runSequentially(SuiteRunner.java:371)
at org.testng.SuiteRunner.privateRun(SuiteRunner.java:332)
at org.testng.SuiteRunner.run(SuiteRunner.java:276)
at org.testng.SuiteRunnerWorker.runSuite(SuiteRunnerWorker.java:53)
at org.testng.SuiteRunnerWorker.run(SuiteRunnerWorker.java:96)
at org.testng.TestNG.runSuitesSequentially(TestNG.java:1212)
at org.testng.TestNG.runSuitesLocally(TestNG.java:1134)
at org.testng.TestNG.runSuites(TestNG.java:1063)
at org.testng.TestNG.run(TestNG.java:1031)
at org.testng.remote.AbstractRemoteTestNG.run(AbstractRemoteTestNG.java:115)
at org.testng.remote.RemoteTestNG.initAndRun(RemoteTestNG.java:251)
at org.testng.remote.RemoteTestNG.main(RemoteTestNG.java:77)
]]>
            </full-stacktrace>
          </exception> <!-- org.openqa.selenium.SessionNotCreatedException -->
          <reporter-output>
          </reporter-output>
        </test-method> <!-- verifyBankManagerLoginButton -->
        <test-method is-config="true" signature="gotoHomePage()[pri:0, instance:testClasses.VerifyLoginTabs@7e5afaa6]" started-at="2022-03-04T19:21:04 IST" name="gotoHomePage" finished-at="1970-01-01T05:30:00 IST" duration-ms="-1646401864759" status="SKIP">
          <reporter-output>
          </reporter-output>
        </test-method> <!-- gotoHomePage -->
        <test-method is-config="true" signature="lauchTheApplication()[pri:0, instance:testClasses.VerifyLoginTabs@7e5afaa6]" started-at="2022-03-04T19:21:04 IST" name="lauchTheApplication" finished-at="1970-01-01T05:30:00 IST" duration-ms="-1646401864763" status="SKIP">
          <reporter-output>
          </reporter-output>
        </test-method> <!-- lauchTheApplication -->
        <test-method signature="verifyCustomerLoginButton()[pri:0, instance:testClasses.VerifyLoginTabs@7e5afaa6]" started-at="2022-03-04T19:21:04 IST" name="verifyCustomerLoginButton" finished-at="2022-03-04T19:21:04 IST" duration-ms="0" status="SKIP">
          <exception class="org.openqa.selenium.SessionNotCreatedException">
            <message>
              <![CDATA[session not created: This version of ChromeDriver only supports Chrome version 97
Current browser version is 99.0.4844.51 with binary path C:\Program Files\Google\Chrome\Application\chrome.exe
Build info: version: '3.141.59', revision: 'e82be7d358', time: '2018-11-14T08:17:03'
System info: host: 'DESKTOP-9NBI2B1', ip: '192.168.0.144', os.name: 'Windows 10', os.arch: 'amd64', os.version: '10.0', java.version: '17.0.1'
Driver info: driver.version: ChromeDriver
remote stacktrace: Backtrace:
Ordinal0 [0x00CCFDC3+2555331]
Ordinal0 [0x00C677F1+2127857]
Ordinal0 [0x00B62E08+1060360]
Ordinal0 [0x00B819CA+1186250]
Ordinal0 [0x00B7D825+1169445]
Ordinal0 [0x00B7AFC1+1159105]
Ordinal0 [0x00BAC22F+1360431]
Ordinal0 [0x00BABE9A+1359514]
Ordinal0 [0x00BA7976+1341814]
Ordinal0 [0x00B836B6+1193654]
Ordinal0 [0x00B84546+1197382]
GetHandleVerifier [0x00E69622+1619522]
GetHandleVerifier [0x00F1882C+2336844]
GetHandleVerifier [0x00D623E1+541697]
GetHandleVerifier [0x00D61443+537699]
Ordinal0 [0x00C6D18E+2150798]
Ordinal0 [0x00C71518+2168088]
Ordinal0 [0x00C71660+2168416]
Ordinal0 [0x00C7B330+2208560]
BaseThreadInitThunk [0x776BFA29+25]
RtlGetAppContainerNamedObjectPath [0x77867A9E+286]
RtlGetAppContainerNamedObjectPath [0x77867A6E+238]
]]>
            </message>
            <full-stacktrace>
              <![CDATA[org.openqa.selenium.SessionNotCreatedException: session not created: This version of ChromeDriver only supports Chrome version 97
Current browser version is 99.0.4844.51 with binary path C:\Program Files\Google\Chrome\Application\chrome.exe
Build info: version: '3.141.59', revision: 'e82be7d358', time: '2018-11-14T08:17:03'
System info: host: 'DESKTOP-9NBI2B1', ip: '192.168.0.144', os.name: 'Windows 10', os.arch: 'amd64', os.version: '10.0', java.version: '17.0.1'
Driver info: driver.version: ChromeDriver
remote stacktrace: Backtrace:
Ordinal0 [0x00CCFDC3+2555331]
Ordinal0 [0x00C677F1+2127857]
Ordinal0 [0x00B62E08+1060360]
Ordinal0 [0x00B819CA+1186250]
Ordinal0 [0x00B7D825+1169445]
Ordinal0 [0x00B7AFC1+1159105]
Ordinal0 [0x00BAC22F+1360431]
Ordinal0 [0x00BABE9A+1359514]
Ordinal0 [0x00BA7976+1341814]
Ordinal0 [0x00B836B6+1193654]
Ordinal0 [0x00B84546+1197382]
GetHandleVerifier [0x00E69622+1619522]
GetHandleVerifier [0x00F1882C+2336844]
GetHandleVerifier [0x00D623E1+541697]
GetHandleVerifier [0x00D61443+537699]
Ordinal0 [0x00C6D18E+2150798]
Ordinal0 [0x00C71518+2168088]
Ordinal0 [0x00C71660+2168416]
Ordinal0 [0x00C7B330+2208560]
BaseThreadInitThunk [0x776BFA29+25]
RtlGetAppContainerNamedObjectPath [0x77867A9E+286]
RtlGetAppContainerNamedObjectPath [0x77867A6E+238]

at java.base/jdk.internal.reflect.NativeConstructorAccessorImpl.newInstance0(Native Method)
at java.base/jdk.internal.reflect.NativeConstructorAccessorImpl.newInstance(NativeConstructorAccessorImpl.java:77)
at java.base/jdk.internal.reflect.DelegatingConstructorAccessorImpl.newInstance(DelegatingConstructorAccessorImpl.java:45)
at java.base/java.lang.reflect.Constructor.newInstanceWithCaller(Constructor.java:499)
at java.base/java.lang.reflect.Constructor.newInstance(Constructor.java:480)
at org.openqa.selenium.remote.W3CHandshakeResponse.lambda$errorHandler$0(W3CHandshakeResponse.java:62)
at org.openqa.selenium.remote.HandshakeResponse.lambda$getResponseFunction$0(HandshakeResponse.java:30)
at org.openqa.selenium.remote.ProtocolHandshake.lambda$createSession$0(ProtocolHandshake.java:126)
at java.base/java.util.stream.ReferencePipeline$3$1.accept(ReferencePipeline.java:197)
at java.base/java.util.Spliterators$ArraySpliterator.tryAdvance(Spliterators.java:1002)
at java.base/java.util.stream.ReferencePipeline.forEachWithCancel(ReferencePipeline.java:129)
at java.base/java.util.stream.AbstractPipeline.copyIntoWithCancel(AbstractPipeline.java:527)
at java.base/java.util.stream.AbstractPipeline.copyInto(AbstractPipeline.java:513)
at java.base/java.util.stream.AbstractPipeline.wrapAndCopyInto(AbstractPipeline.java:499)
at java.base/java.util.stream.FindOps$FindOp.evaluateSequential(FindOps.java:150)
at java.base/java.util.stream.AbstractPipeline.evaluate(AbstractPipeline.java:234)
at java.base/java.util.stream.ReferencePipeline.findFirst(ReferencePipeline.java:647)
at org.openqa.selenium.remote.ProtocolHandshake.createSession(ProtocolHandshake.java:128)
at org.openqa.selenium.remote.ProtocolHandshake.createSession(ProtocolHandshake.java:74)
at org.openqa.selenium.remote.HttpCommandExecutor.execute(HttpCommandExecutor.java:136)
at org.openqa.selenium.remote.service.DriverCommandExecutor.execute(DriverCommandExecutor.java:83)
at org.openqa.selenium.remote.RemoteWebDriver.execute(RemoteWebDriver.java:552)
at org.openqa.selenium.remote.RemoteWebDriver.startSession(RemoteWebDriver.java:213)
at org.openqa.selenium.remote.RemoteWebDriver.<init>(RemoteWebDriver.java:131)
at org.openqa.selenium.chrome.ChromeDriver.<init>(ChromeDriver.java:181)
at org.openqa.selenium.chrome.ChromeDriver.<init>(ChromeDriver.java:168)
at org.openqa.selenium.chrome.ChromeDriver.<init>(ChromeDriver.java:123)
at base.Browser.launchTheChromeBrowser(Browser.java:12)
at testClasses.VerifyAllTabsComesUnderBankManager.lauchBrowser(VerifyAllTabsComesUnderBankManager.java:40)
at java.base/jdk.internal.reflect.NativeMethodAccessorImpl.invoke0(Native Method)
at java.base/jdk.internal.reflect.NativeMethodAccessorImpl.invoke(NativeMethodAccessorImpl.java:77)
at java.base/jdk.internal.reflect.DelegatingMethodAccessorImpl.invoke(DelegatingMethodAccessorImpl.java:43)
at java.base/java.lang.reflect.Method.invoke(Method.java:568)
at org.testng.internal.MethodInvocationHelper.invokeMethod(MethodInvocationHelper.java:133)
at org.testng.internal.MethodInvocationHelper.invokeMethodConsideringTimeout(MethodInvocationHelper.java:62)
at org.testng.internal.ConfigInvoker.invokeConfigurationMethod(ConfigInvoker.java:385)
at org.testng.internal.ConfigInvoker.invokeConfigurations(ConfigInvoker.java:321)
at org.testng.TestRunner.invokeTestConfigurations(TestRunner.java:637)
at org.testng.TestRunner.beforeRun(TestRunner.java:627)
at org.testng.TestRunner.run(TestRunner.java:589)
at org.testng.SuiteRunner.runTest(SuiteRunner.java:377)
at org.testng.SuiteRunner.runSequentially(SuiteRunner.java:371)
at org.testng.SuiteRunner.privateRun(SuiteRunner.java:332)
at org.testng.SuiteRunner.run(SuiteRunner.java:276)
at org.testng.SuiteRunnerWorker.runSuite(SuiteRunnerWorker.java:53)
at org.testng.SuiteRunnerWorker.run(SuiteRunnerWorker.java:96)
at org.testng.TestNG.runSuitesSequentially(TestNG.java:1212)
at org.testng.TestNG.runSuitesLocally(TestNG.java:1134)
at org.testng.TestNG.runSuites(TestNG.java:1063)
at org.testng.TestNG.run(TestNG.java:1031)
at org.testng.remote.AbstractRemoteTestNG.run(AbstractRemoteTestNG.java:115)
at org.testng.remote.RemoteTestNG.initAndRun(RemoteTestNG.java:251)
at org.testng.remote.RemoteTestNG.main(RemoteTestNG.java:77)
]]>
            </full-stacktrace>
          </exception> <!-- org.openqa.selenium.SessionNotCreatedException -->
          <reporter-output>
          </reporter-output>
        </test-method> <!-- verifyCustomerLoginButton -->
        <test-method is-config="true" signature="gotoHomePage()[pri:0, instance:testClasses.VerifyLoginTabs@7e5afaa6]" started-at="2022-03-04T19:21:04 IST" name="gotoHomePage" finished-at="1970-01-01T05:30:00 IST" duration-ms="-1646401864818" status="SKIP">
          <reporter-output>
          </reporter-output>
        </test-method> <!-- gotoHomePage -->
        <test-method is-config="true" signature="clearPOMObjects()[pri:0, instance:testClasses.VerifyLoginTabs@7e5afaa6]" started-at="2022-03-04T19:21:04 IST" name="clearPOMObjects" finished-at="1970-01-01T05:30:00 IST" duration-ms="-1646401864851" status="SKIP">
          <reporter-output>
          </reporter-output>
        </test-method> <!-- clearPOMObjects -->
        <test-method is-config="true" signature="closeBrowser()[pri:0, instance:testClasses.VerifyLoginTabs@7e5afaa6]" started-at="2022-03-04T19:21:04 IST" name="closeBrowser" finished-at="1970-01-01T05:30:00 IST" duration-ms="-1646401864922" status="SKIP">
          <reporter-output>
          </reporter-output>
        </test-method> <!-- closeBrowser -->
      </class> <!-- testClasses.VerifyLoginTabs -->
    </test> <!-- ChromeTest -->
    <test started-at="2022-03-04T19:21:05 IST" name="OperaTest" finished-at="2022-03-04T19:22:51 IST" duration-ms="105789">
      <class name="testClasses.VerifyAllTabsComesUnderBankManager">
        <test-method is-config="true" signature="lauchBrowser(java.lang.String)[pri:0, instance:testClasses.VerifyAllTabsComesUnderBankManager@6392827e]" started-at="2022-03-04T19:21:05 IST" name="lauchBrowser" finished-at="2022-03-04T19:21:36 IST" duration-ms="31225" status="PASS">
          <params>
            <param index="0">
              <value>
                <![CDATA[Opera]]>
              </value>
            </param>
          </params>
          <reporter-output>
          </reporter-output>
        </test-method> <!-- lauchBrowser -->
        <test-method is-config="true" signature="createObjectsOfPOMClasses()[pri:0, instance:testClasses.VerifyAllTabsComesUnderBankManager@6392827e]" started-at="2022-03-04T19:21:57 IST" name="createObjectsOfPOMClasses" finished-at="2022-03-04T19:21:57 IST" duration-ms="181" status="PASS">
          <reporter-output>
          </reporter-output>
        </test-method> <!-- createObjectsOfPOMClasses -->
        <test-method is-config="true" signature="lauchTheApplication()[pri:0, instance:testClasses.VerifyAllTabsComesUnderBankManager@6392827e]" started-at="2022-03-04T19:21:57 IST" name="lauchTheApplication" finished-at="2022-03-04T19:22:34 IST" duration-ms="36940" status="PASS">
          <reporter-output>
          </reporter-output>
        </test-method> <!-- lauchTheApplication -->
        <test-method signature="verifyAddCustomerTab()[pri:1, instance:testClasses.VerifyAllTabsComesUnderBankManager@6392827e]" started-at="2022-03-04T19:22:34 IST" name="verifyAddCustomerTab" finished-at="2022-03-04T19:22:37 IST" duration-ms="2998" status="PASS">
          <reporter-output>
          </reporter-output>
        </test-method> <!-- verifyAddCustomerTab -->
        <test-method is-config="true" signature="gotoHomePage()[pri:0, instance:testClasses.VerifyAllTabsComesUnderBankManager@6392827e]" started-at="2022-03-04T19:22:37 IST" name="gotoHomePage" finished-at="2022-03-04T19:22:37 IST" duration-ms="629" status="PASS">
          <reporter-output>
          </reporter-output>
        </test-method> <!-- gotoHomePage -->
        <test-method is-config="true" signature="lauchTheApplication()[pri:0, instance:testClasses.VerifyAllTabsComesUnderBankManager@6392827e]" started-at="2022-03-04T19:22:37 IST" name="lauchTheApplication" finished-at="2022-03-04T19:22:38 IST" duration-ms="834" status="PASS">
          <reporter-output>
          </reporter-output>
        </test-method> <!-- lauchTheApplication -->
        <test-method signature="verifyOpenAccountTab()[pri:2, instance:testClasses.VerifyAllTabsComesUnderBankManager@6392827e]" started-at="2022-03-04T19:22:38 IST" name="verifyOpenAccountTab" finished-at="2022-03-04T19:22:42 IST" duration-ms="3379" status="PASS">
          <reporter-output>
          </reporter-output>
        </test-method> <!-- verifyOpenAccountTab -->
        <test-method is-config="true" signature="gotoHomePage()[pri:0, instance:testClasses.VerifyAllTabsComesUnderBankManager@6392827e]" started-at="2022-03-04T19:22:42 IST" name="gotoHomePage" finished-at="2022-03-04T19:22:42 IST" duration-ms="330" status="PASS">
          <reporter-output>
          </reporter-output>
        </test-method> <!-- gotoHomePage -->
        <test-method is-config="true" signature="lauchTheApplication()[pri:0, instance:testClasses.VerifyAllTabsComesUnderBankManager@6392827e]" started-at="2022-03-04T19:22:42 IST" name="lauchTheApplication" finished-at="2022-03-04T19:22:43 IST" duration-ms="1465" status="PASS">
          <reporter-output>
          </reporter-output>
        </test-method> <!-- lauchTheApplication -->
        <test-method signature="verifyCustomersTab()[pri:3, instance:testClasses.VerifyAllTabsComesUnderBankManager@6392827e]" started-at="2022-03-04T19:22:43 IST" name="verifyCustomersTab" finished-at="2022-03-04T19:22:45 IST" duration-ms="1423" status="FAIL">
          <exception class="org.openqa.selenium.NoAlertPresentException">
            <message>
              <![CDATA[no such alert
  (Session info: chrome=98.0.4758.102)
  (Driver info: operadriver=98.0.4758.82 (199fc4f2ce08413e0126f4e98393232412a76ab6-refs/branch-heads/4758@{#974}),platform=Windows NT 10.0.19044 x86_64) (WARNING: The server did not provide any stacktrace information)
Command duration or timeout: 0 milliseconds
Build info: version: '3.141.59', revision: 'e82be7d358', time: '2018-11-14T08:17:03'
System info: host: 'DESKTOP-9NBI2B1', ip: '192.168.0.144', os.name: 'Windows 10', os.arch: 'amd64', os.version: '10.0', java.version: '17.0.1'
Driver info: org.openqa.selenium.opera.OperaDriver
Capabilities {acceptInsecureCerts: false, acceptSslCerts: false, browserConnectionEnabled: false, browserName: opera, cssSelectorsEnabled: true, databaseEnabled: false, goog:chromeOptions: {debuggerAddress: localhost:54926}, handlesAlerts: true, hasTouchScreen: false, javascriptEnabled: true, locationContextEnabled: true, mobileEmulationEnabled: false, nativeEvents: true, networkConnectionEnabled: false, opera: {operadriverVersion: 98.0.4758.82 (199fc4f2ce084..., userDataDir: C:\Users\Gaurav\AppData\Loc...}, pageLoadStrategy: normal, platform: WINDOWS, platformName: WINDOWS, proxy: Proxy(), rotatable: false, setWindowRect: true, strictFileInteractability: false, takesHeapSnapshot: true, takesScreenshot: true, timeouts: {implicit: 0, pageLoad: 300000, script: 30000}, unexpectedAlertBehaviour: ignore, unhandledPromptBehavior: ignore, version: 98.0.4758.102, webStorageEnabled: true, webauthn:extension:credBlob: true, webauthn:extension:largeBlob: true, webauthn:virtualAuthenticators: true}
Session ID: 2992814e4db4110495ee0bdeaf995f59]]>
            </message>
            <full-stacktrace>
              <![CDATA[org.openqa.selenium.NoAlertPresentException: no such alert
  (Session info: chrome=98.0.4758.102)
  (Driver info: operadriver=98.0.4758.82 (199fc4f2ce08413e0126f4e98393232412a76ab6-refs/branch-heads/4758@{#974}),platform=Windows NT 10.0.19044 x86_64) (WARNING: The server did not provide any stacktrace information)
Command duration or timeout: 0 milliseconds
Build info: version: '3.141.59', revision: 'e82be7d358', time: '2018-11-14T08:17:03'
System info: host: 'DESKTOP-9NBI2B1', ip: '192.168.0.144', os.name: 'Windows 10', os.arch: 'amd64', os.version: '10.0', java.version: '17.0.1'
Driver info: org.openqa.selenium.opera.OperaDriver
Capabilities {acceptInsecureCerts: false, acceptSslCerts: false, browserConnectionEnabled: false, browserName: opera, cssSelectorsEnabled: true, databaseEnabled: false, goog:chromeOptions: {debuggerAddress: localhost:54926}, handlesAlerts: true, hasTouchScreen: false, javascriptEnabled: true, locationContextEnabled: true, mobileEmulationEnabled: false, nativeEvents: true, networkConnectionEnabled: false, opera: {operadriverVersion: 98.0.4758.82 (199fc4f2ce084..., userDataDir: C:\Users\Gaurav\AppData\Loc...}, pageLoadStrategy: normal, platform: WINDOWS, platformName: WINDOWS, proxy: Proxy(), rotatable: false, setWindowRect: true, strictFileInteractability: false, takesHeapSnapshot: true, takesScreenshot: true, timeouts: {implicit: 0, pageLoad: 300000, script: 30000}, unexpectedAlertBehaviour: ignore, unhandledPromptBehavior: ignore, version: 98.0.4758.102, webStorageEnabled: true, webauthn:extension:credBlob: true, webauthn:extension:largeBlob: true, webauthn:virtualAuthenticators: true}
Session ID: 2992814e4db4110495ee0bdeaf995f59
at java.base/jdk.internal.reflect.NativeConstructorAccessorImpl.newInstance0(Native Method)
at java.base/jdk.internal.reflect.NativeConstructorAccessorImpl.newInstance(NativeConstructorAccessorImpl.java:77)
at java.base/jdk.internal.reflect.DelegatingConstructorAccessorImpl.newInstance(DelegatingConstructorAccessorImpl.java:45)
at java.base/java.lang.reflect.Constructor.newInstanceWithCaller(Constructor.java:499)
at java.base/java.lang.reflect.Constructor.newInstance(Constructor.java:480)
at org.openqa.selenium.remote.ErrorHandler.createThrowable(ErrorHandler.java:214)
at org.openqa.selenium.remote.ErrorHandler.throwIfResponseFailed(ErrorHandler.java:166)
at org.openqa.selenium.remote.http.JsonHttpResponseCodec.reconstructValue(JsonHttpResponseCodec.java:40)
at org.openqa.selenium.remote.http.AbstractHttpResponseCodec.decode(AbstractHttpResponseCodec.java:80)
at org.openqa.selenium.remote.http.AbstractHttpResponseCodec.decode(AbstractHttpResponseCodec.java:44)
at org.openqa.selenium.remote.HttpCommandExecutor.execute(HttpCommandExecutor.java:158)
at org.openqa.selenium.remote.service.DriverCommandExecutor.execute(DriverCommandExecutor.java:83)
at org.openqa.selenium.remote.RemoteWebDriver.execute(RemoteWebDriver.java:552)
at org.openqa.selenium.remote.RemoteWebDriver.execute(RemoteWebDriver.java:609)
at org.openqa.selenium.remote.RemoteWebDriver$RemoteTargetLocator.alert(RemoteWebDriver.java:932)
at testClasses.VerifyAllTabsComesUnderBankManager.verifyCustomersTab(VerifyAllTabsComesUnderBankManager.java:92)
at java.base/jdk.internal.reflect.NativeMethodAccessorImpl.invoke0(Native Method)
at java.base/jdk.internal.reflect.NativeMethodAccessorImpl.invoke(NativeMethodAccessorImpl.java:77)
at java.base/jdk.internal.reflect.DelegatingMethodAccessorImpl.invoke(DelegatingMethodAccessorImpl.java:43)
at java.base/java.lang.reflect.Method.invoke(Method.java:568)
at org.testng.internal.MethodInvocationHelper.invokeMethod(MethodInvocationHelper.java:133)
at org.testng.internal.TestInvoker.invokeMethod(TestInvoker.java:598)
at org.testng.internal.TestInvoker.invokeTestMethod(TestInvoker.java:173)
at org.testng.internal.MethodRunner.runInSequence(MethodRunner.java:46)
at org.testng.internal.TestInvoker$MethodInvocationAgent.invoke(TestInvoker.java:824)
at org.testng.internal.TestInvoker.invokeTestMethods(TestInvoker.java:146)
at org.testng.internal.TestMethodWorker.invokeTestMethods(TestMethodWorker.java:146)
at org.testng.internal.TestMethodWorker.run(TestMethodWorker.java:128)
at java.base/java.util.concurrent.ThreadPoolExecutor.runWorker(ThreadPoolExecutor.java:1136)
at java.base/java.util.concurrent.ThreadPoolExecutor$Worker.run(ThreadPoolExecutor.java:635)
at java.base/java.lang.Thread.run(Thread.java:833)
]]>
            </full-stacktrace>
          </exception> <!-- org.openqa.selenium.NoAlertPresentException -->
          <reporter-output>
          </reporter-output>
        </test-method> <!-- verifyCustomersTab -->
        <test-method is-config="true" signature="gotoHomePage()[pri:0, instance:testClasses.VerifyAllTabsComesUnderBankManager@6392827e]" started-at="2022-03-04T19:22:45 IST" name="gotoHomePage" finished-at="2022-03-04T19:22:45 IST" duration-ms="435" status="PASS">
          <reporter-output>
          </reporter-output>
        </test-method> <!-- gotoHomePage -->
        <test-method is-config="true" signature="clearPOmObjects()[pri:0, instance:testClasses.VerifyAllTabsComesUnderBankManager@6392827e]" started-at="2022-03-04T19:22:45 IST" name="clearPOmObjects" finished-at="2022-03-04T19:22:45 IST" duration-ms="0" status="PASS">
          <reporter-output>
          </reporter-output>
        </test-method> <!-- clearPOmObjects -->
        <test-method is-config="true" signature="closeBrowser()[pri:0, instance:testClasses.VerifyAllTabsComesUnderBankManager@6392827e]" started-at="2022-03-04T19:22:45 IST" name="closeBrowser" finished-at="2022-03-04T19:22:49 IST" duration-ms="4182" status="PASS">
          <reporter-output>
          </reporter-output>
        </test-method> <!-- closeBrowser -->
      </class> <!-- testClasses.VerifyAllTabsComesUnderBankManager -->
      <class name="testClasses.VerifyLoginTabs">
        <test-method is-config="true" signature="lauchBrowser(java.lang.String)[pri:0, instance:testClasses.VerifyLoginTabs@209da20d]" started-at="2022-03-04T19:21:36 IST" name="lauchBrowser" finished-at="2022-03-04T19:21:57 IST" duration-ms="20661" status="PASS">
          <params>
            <param index="0">
              <value>
                <![CDATA[Opera]]>
              </value>
            </param>
          </params>
          <reporter-output>
          </reporter-output>
        </test-method> <!-- lauchBrowser -->
        <test-method is-config="true" signature="CreateObjectsOfPOMClasses()[pri:0, instance:testClasses.VerifyLoginTabs@209da20d]" started-at="2022-03-04T19:21:57 IST" name="CreateObjectsOfPOMClasses" finished-at="2022-03-04T19:21:57 IST" duration-ms="178" status="PASS">
          <reporter-output>
          </reporter-output>
        </test-method> <!-- CreateObjectsOfPOMClasses -->
        <test-method is-config="true" signature="lauchTheApplication()[pri:0, instance:testClasses.VerifyLoginTabs@209da20d]" started-at="2022-03-04T19:21:57 IST" name="lauchTheApplication" finished-at="2022-03-04T19:22:11 IST" duration-ms="13939" status="PASS">
          <reporter-output>
          </reporter-output>
        </test-method> <!-- lauchTheApplication -->
        <test-method signature="verifyBankManagerLoginButton()[pri:0, instance:testClasses.VerifyLoginTabs@209da20d]" started-at="2022-03-04T19:22:11 IST" name="verifyBankManagerLoginButton" finished-at="2022-03-04T19:22:24 IST" duration-ms="13584" status="PASS">
          <reporter-output>
          </reporter-output>
        </test-method> <!-- verifyBankManagerLoginButton -->
        <test-method is-config="true" signature="gotoHomePage()[pri:0, instance:testClasses.VerifyLoginTabs@209da20d]" started-at="2022-03-04T19:22:24 IST" name="gotoHomePage" finished-at="2022-03-04T19:22:26 IST" duration-ms="1458" status="PASS">
          <reporter-output>
          </reporter-output>
        </test-method> <!-- gotoHomePage -->
        <test-method is-config="true" signature="lauchTheApplication()[pri:0, instance:testClasses.VerifyLoginTabs@209da20d]" started-at="2022-03-04T19:22:26 IST" name="lauchTheApplication" finished-at="2022-03-04T19:22:26 IST" duration-ms="524" status="PASS">
          <reporter-output>
          </reporter-output>
        </test-method> <!-- lauchTheApplication -->
        <test-method signature="verifyCustomerLoginButton()[pri:0, instance:testClasses.VerifyLoginTabs@209da20d]" started-at="2022-03-04T19:22:26 IST" name="verifyCustomerLoginButton" finished-at="2022-03-04T19:22:27 IST" duration-ms="212" status="PASS">
          <reporter-output>
          </reporter-output>
        </test-method> <!-- verifyCustomerLoginButton -->
        <test-method is-config="true" signature="gotoHomePage()[pri:0, instance:testClasses.VerifyLoginTabs@209da20d]" started-at="2022-03-04T19:22:27 IST" name="gotoHomePage" finished-at="2022-03-04T19:22:28 IST" duration-ms="1599" status="PASS">
          <reporter-output>
          </reporter-output>
        </test-method> <!-- gotoHomePage -->
        <test-method is-config="true" signature="clearPOMObjects()[pri:0, instance:testClasses.VerifyLoginTabs@209da20d]" started-at="2022-03-04T19:22:28 IST" name="clearPOMObjects" finished-at="2022-03-04T19:22:28 IST" duration-ms="1" status="PASS">
          <reporter-output>
          </reporter-output>
        </test-method> <!-- clearPOMObjects -->
        <test-method is-config="true" signature="closeBrowser()[pri:0, instance:testClasses.VerifyLoginTabs@209da20d]" started-at="2022-03-04T19:22:49 IST" name="closeBrowser" finished-at="2022-03-04T19:22:51 IST" duration-ms="1074" status="PASS">
          <reporter-output>
          </reporter-output>
        </test-method> <!-- closeBrowser -->
      </class> <!-- testClasses.VerifyLoginTabs -->
    </test> <!-- OperaTest -->
  </suite> <!-- Suite -->
</testng-results>
